<?xml version="1.0" encoding="UTF-8"?>
<testsuite name="com.room.reservation.web.IndexControllerTest" tests="1" skipped="0" failures="0" errors="0" timestamp="2023-03-04T04:31:10" hostname="DESKTOP-G32OBQ8" time="0.211">
  <properties/>
  <testcase name="메인페이지_로딩" classname="com.room.reservation.web.IndexControllerTest" time="0.211"/>
  <system-out><![CDATA[2023-03-04 13:31:06.748  INFO 9676 --- [    Test worker] .b.t.c.SpringBootTestContextBootstrapper : Neither @ContextConfiguration nor @ContextHierarchy found for test class [com.room.reservation.web.IndexControllerTest], using SpringBootContextLoader
2023-03-04 13:31:06.749  INFO 9676 --- [    Test worker] o.s.t.c.support.AbstractContextLoader    : Could not detect default resource locations for test class [com.room.reservation.web.IndexControllerTest]: no resource found for suffixes {-context.xml, Context.groovy}.
2023-03-04 13:31:06.749  INFO 9676 --- [    Test worker] t.c.s.AnnotationConfigContextLoaderUtils : Could not detect default configuration classes for test class [com.room.reservation.web.IndexControllerTest]: IndexControllerTest does not declare any static, non-private, non-final, nested classes annotated with @Configuration.
2023-03-04 13:31:06.750  INFO 9676 --- [    Test worker] .b.t.c.SpringBootTestContextBootstrapper : Found @SpringBootConfiguration com.room.reservation.Application for test class com.room.reservation.web.IndexControllerTest
2023-03-04 13:31:06.752  INFO 9676 --- [    Test worker] .b.t.c.SpringBootTestContextBootstrapper : Loaded default TestExecutionListener class names from location [META-INF/spring.factories]: [org.springframework.security.test.context.support.WithSecurityContextTestExecutionListener, org.springframework.security.test.context.support.ReactorContextTestExecutionListener, org.springframework.boot.test.autoconfigure.restdocs.RestDocsTestExecutionListener, org.springframework.boot.test.autoconfigure.web.client.MockRestServiceServerResetTestExecutionListener, org.springframework.boot.test.autoconfigure.web.servlet.MockMvcPrintOnlyOnFailureTestExecutionListener, org.springframework.boot.test.autoconfigure.web.servlet.WebDriverTestExecutionListener, org.springframework.boot.test.mock.mockito.MockitoTestExecutionListener, org.springframework.boot.test.mock.mockito.ResetMocksTestExecutionListener, org.springframework.test.context.web.ServletTestExecutionListener, org.springframework.test.context.support.DirtiesContextBeforeModesTestExecutionListener, org.springframework.test.context.support.DependencyInjectionTestExecutionListener, org.springframework.test.context.support.DirtiesContextTestExecutionListener, org.springframework.test.context.transaction.TransactionalTestExecutionListener, org.springframework.test.context.jdbc.SqlScriptsTestExecutionListener]
2023-03-04 13:31:06.752  INFO 9676 --- [    Test worker] .b.t.c.SpringBootTestContextBootstrapper : Using TestExecutionListeners: [org.springframework.test.context.web.ServletTestExecutionListener@107bfcb2, org.springframework.test.context.support.DirtiesContextBeforeModesTestExecutionListener@7bac686b, org.springframework.boot.test.mock.mockito.MockitoTestExecutionListener@2ab26378, org.springframework.boot.test.autoconfigure.SpringBootDependencyInjectionTestExecutionListener@f9f3928, org.springframework.test.context.support.DirtiesContextTestExecutionListener@404eca05, org.springframework.test.context.transaction.TransactionalTestExecutionListener@58b91d57, org.springframework.test.context.jdbc.SqlScriptsTestExecutionListener@61a91c9b, org.springframework.security.test.context.support.WithSecurityContextTestExecutionListener@17092fff, org.springframework.security.test.context.support.ReactorContextTestExecutionListener@2121d1f9, org.springframework.boot.test.autoconfigure.restdocs.RestDocsTestExecutionListener@31e2232f, org.springframework.boot.test.autoconfigure.web.client.MockRestServiceServerResetTestExecutionListener@1806bc4c, org.springframework.boot.test.autoconfigure.web.servlet.MockMvcPrintOnlyOnFailureTestExecutionListener@462e1e64, org.springframework.boot.test.autoconfigure.web.servlet.WebDriverTestExecutionListener@69afa141, org.springframework.boot.test.mock.mockito.ResetMocksTestExecutionListener@49f40c00]

  .   ____          _            __ _ _
 /\\ / ___'_ __ _ _(_)_ __  __ _ \ \ \ \
( ( )\___ | '_ | '_| | '_ \/ _` | \ \ \ \
 \\/  ___)| |_)| | | | | || (_| |  ) ) ) )
  '  |____| .__|_| |_|_| |_\__, | / / / /
 =========|_|==============|___/=/_/_/_/
 :: Spring Boot ::        (v2.1.7.RELEASE)

2023-03-04 13:31:06.776  INFO 9676 --- [    Test worker] c.r.reservation.web.IndexControllerTest  : Starting IndexControllerTest on DESKTOP-G32OBQ8 with PID 9676 (started by user in C:\Users\user\IdeaProjects\room_reservation)
2023-03-04 13:31:06.776  INFO 9676 --- [    Test worker] c.r.reservation.web.IndexControllerTest  : No active profile set, falling back to default profiles: default
2023-03-04 13:31:07.037  INFO 9676 --- [    Test worker] .s.d.r.c.RepositoryConfigurationDelegate : Bootstrapping Spring Data repositories in DEFAULT mode.
2023-03-04 13:31:07.095  INFO 9676 --- [    Test worker] .s.d.r.c.RepositoryConfigurationDelegate : Finished Spring Data repository scanning in 52ms. Found 2 repository interfaces.
2023-03-04 13:31:07.288  INFO 9676 --- [    Test worker] trationDelegate$BeanPostProcessorChecker : Bean 'org.springframework.transaction.annotation.ProxyTransactionManagementConfiguration' of type [org.springframework.transaction.annotation.ProxyTransactionManagementConfiguration$$EnhancerBySpringCGLIB$$3a74e950] is not eligible for getting processed by all BeanPostProcessors (for example: not eligible for auto-proxying)
2023-03-04 13:31:07.524  INFO 9676 --- [    Test worker] o.s.b.w.embedded.tomcat.TomcatWebServer  : Tomcat initialized with port(s): 0 (http)
2023-03-04 13:31:07.546  INFO 9676 --- [    Test worker] o.apache.catalina.core.StandardService   : Starting service [Tomcat]
2023-03-04 13:31:07.546  INFO 9676 --- [    Test worker] org.apache.catalina.core.StandardEngine  : Starting Servlet engine: [Apache Tomcat/9.0.22]
2023-03-04 13:31:07.659  INFO 9676 --- [    Test worker] o.a.c.c.C.[Tomcat].[localhost].[/]       : Initializing Spring embedded WebApplicationContext
2023-03-04 13:31:07.659  INFO 9676 --- [    Test worker] o.s.web.context.ContextLoader            : Root WebApplicationContext: initialization completed in 881 ms
2023-03-04 13:31:07.868  INFO 9676 --- [    Test worker] com.zaxxer.hikari.HikariDataSource       : HikariPool-1 - Starting...
2023-03-04 13:31:08.013  INFO 9676 --- [    Test worker] com.zaxxer.hikari.HikariDataSource       : HikariPool-1 - Start completed.
2023-03-04 13:31:08.092  INFO 9676 --- [    Test worker] o.hibernate.jpa.internal.util.LogHelper  : HHH000204: Processing PersistenceUnitInfo [
	name: default
	...]
2023-03-04 13:31:08.160  INFO 9676 --- [    Test worker] org.hibernate.Version                    : HHH000412: Hibernate Core {5.3.10.Final}
2023-03-04 13:31:08.162  INFO 9676 --- [    Test worker] org.hibernate.cfg.Environment            : HHH000206: hibernate.properties not found
2023-03-04 13:31:08.222  INFO 9676 --- [    Test worker] o.hibernate.annotations.common.Version   : HCANN000001: Hibernate Commons Annotations {5.0.4.Final}
2023-03-04 13:31:08.360  INFO 9676 --- [    Test worker] org.hibernate.dialect.Dialect            : HHH000400: Using dialect: org.hibernate.dialect.MySQL5InnoDBDialect
Hibernate: drop table if exists posts
Hibernate: drop table if exists user
Hibernate: create table posts (id bigint not null auto_increment, created_date datetime, modified_date datetime, author varchar(255), content TEXT not null, title varchar(500) not null, primary key (id)) engine=InnoDB
Hibernate: create table user (id bigint not null auto_increment, created_date datetime, modified_date datetime, email varchar(255) not null, name varchar(255) not null, picture varchar(255), role varchar(255) not null, primary key (id)) engine=InnoDB
2023-03-04 13:31:09.056  INFO 9676 --- [    Test worker] o.h.t.schema.internal.SchemaCreatorImpl  : HHH000476: Executing import script 'org.hibernate.tool.schema.internal.exec.ScriptSourceInputNonExistentImpl@4c02899'
2023-03-04 13:31:09.059  INFO 9676 --- [    Test worker] j.LocalContainerEntityManagerFactoryBean : Initialized JPA EntityManagerFactory for persistence unit 'default'
2023-03-04 13:31:09.661  INFO 9676 --- [    Test worker] o.h.h.i.QueryTranslatorFactoryInitiator  : HHH000397: Using ASTQueryTranslatorFactory
2023-03-04 13:31:09.931  INFO 9676 --- [    Test worker] o.s.s.web.DefaultSecurityFilterChain     : Creating filter chain: any request, [org.springframework.security.web.context.request.async.WebAsyncManagerIntegrationFilter@3ce7a354, org.springframework.security.web.context.SecurityContextPersistenceFilter@b87ea8b, org.springframework.security.web.header.HeaderWriterFilter@16c9e378, org.springframework.security.web.authentication.logout.LogoutFilter@50013a15, org.springframework.security.oauth2.client.web.OAuth2AuthorizationRequestRedirectFilter@34626d4, org.springframework.security.oauth2.client.web.OAuth2LoginAuthenticationFilter@1983a4e4, org.springframework.security.web.authentication.ui.DefaultLoginPageGeneratingFilter@64e657b0, org.springframework.security.web.authentication.ui.DefaultLogoutPageGeneratingFilter@2914a328, org.springframework.security.web.savedrequest.RequestCacheAwareFilter@c79780, org.springframework.security.web.servletapi.SecurityContextHolderAwareRequestFilter@594c66c3, org.springframework.security.web.authentication.AnonymousAuthenticationFilter@2d34866a, org.springframework.security.web.session.SessionManagementFilter@7d3815f7, org.springframework.security.web.access.ExceptionTranslationFilter@1f1574c, org.springframework.security.web.access.intercept.FilterSecurityInterceptor@2ae7c1d]
2023-03-04 13:31:10.124  INFO 9676 --- [    Test worker] o.s.s.concurrent.ThreadPoolTaskExecutor  : Initializing ExecutorService 'applicationTaskExecutor'
2023-03-04 13:31:10.139  WARN 9676 --- [    Test worker] aWebConfiguration$JpaWebMvcConfiguration : spring.jpa.open-in-view is enabled by default. Therefore, database queries may be performed during view rendering. Explicitly configure spring.jpa.open-in-view to disable this warning
2023-03-04 13:31:10.172  INFO 9676 --- [    Test worker] o.s.b.a.w.s.WelcomePageHandlerMapping    : Adding welcome page template: index
2023-03-04 13:31:10.437  INFO 9676 --- [    Test worker] s.a.ScheduledAnnotationBeanPostProcessor : No TaskScheduler/ScheduledExecutorService bean found for scheduled processing
2023-03-04 13:31:10.458  INFO 9676 --- [    Test worker] o.s.b.w.embedded.tomcat.TomcatWebServer  : Tomcat started on port(s): 58072 (http) with context path ''
2023-03-04 13:31:10.459  INFO 9676 --- [    Test worker] c.r.reservation.web.IndexControllerTest  : Started IndexControllerTest in 3.706 seconds (JVM running for 6.486)
2023-03-04 13:31:10.537  INFO 9676 --- [o-auto-1-exec-1] o.a.c.c.C.[Tomcat].[localhost].[/]       : Initializing Spring DispatcherServlet 'dispatcherServlet'
2023-03-04 13:31:10.538  INFO 9676 --- [o-auto-1-exec-1] o.s.web.servlet.DispatcherServlet        : Initializing Servlet 'dispatcherServlet'
2023-03-04 13:31:10.552  INFO 9676 --- [o-auto-1-exec-1] o.s.web.servlet.DispatcherServlet        : Completed initialization in 14 ms
Hibernate: select posts0_.id as id1_0_, posts0_.created_date as created_2_0_, posts0_.modified_date as modified3_0_, posts0_.author as author4_0_, posts0_.content as content5_0_, posts0_.title as title6_0_ from posts posts0_ order by posts0_.id DESC
]]></system-out>
  <system-err><![CDATA[]]></system-err>
</testsuite>
