<?xml version="1.0" encoding="UTF-8"?>
<testsuite name="com.room.reservation.service.RoomServiceTests" tests="3" skipped="0" failures="0" errors="0" timestamp="2023-04-04T21:23:21" hostname="DESKTOP-G32OBQ8" time="0.091">
  <properties/>
  <testcase name="testList()" classname="com.room.reservation.service.RoomServiceTests" time="0.057"/>
  <testcase name="testRegister()" classname="com.room.reservation.service.RoomServiceTests" time="0.006"/>
  <testcase name="testSearch()" classname="com.room.reservation.service.RoomServiceTests" time="0.026"/>
  <system-out><![CDATA[2023-04-05T06:23:21.257+09:00  INFO 1760 --- [    Test worker] t.c.s.AnnotationConfigContextLoaderUtils : Could not detect default configuration classes for test class [com.room.reservation.service.RoomServiceTests]: RoomServiceTests does not declare any static, non-private, non-final, nested classes annotated with @Configuration.
2023-04-05T06:23:21.262+09:00  INFO 1760 --- [    Test worker] .b.t.c.SpringBootTestContextBootstrapper : Found @SpringBootConfiguration com.room.reservation.Application for test class com.room.reservation.service.RoomServiceTests
Hibernate: insert into room (gno, content, moddate, regdate, title, writer) values (default, ?, ?, ?, ?, ?)
Room(gno=115, title=Title...1, content=Content...1, writer=user...1)
Hibernate: insert into room (gno, content, moddate, regdate, title, writer) values (default, ?, ?, ?, ?, ?)
Room(gno=116, title=Title...2, content=Content...2, writer=user...2)
Hibernate: insert into room (gno, content, moddate, regdate, title, writer) values (default, ?, ?, ?, ?, ?)
Room(gno=117, title=Title...3, content=Content...3, writer=user...3)
Hibernate: insert into room (gno, content, moddate, regdate, title, writer) values (default, ?, ?, ?, ?, ?)
Room(gno=118, title=Title...4, content=Content...4, writer=user...4)
Hibernate: insert into room (gno, content, moddate, regdate, title, writer) values (default, ?, ?, ?, ?, ?)
Room(gno=119, title=Title...5, content=Content...5, writer=user...5)
Hibernate: insert into room (gno, content, moddate, regdate, title, writer) values (default, ?, ?, ?, ?, ?)
Room(gno=120, title=Title...6, content=Content...6, writer=user...6)
Hibernate: insert into room (gno, content, moddate, regdate, title, writer) values (default, ?, ?, ?, ?, ?)
Room(gno=121, title=Title...7, content=Content...7, writer=user...7)
Hibernate: insert into room (gno, content, moddate, regdate, title, writer) values (default, ?, ?, ?, ?, ?)
Room(gno=122, title=Title...8, content=Content...8, writer=user...8)
Hibernate: insert into room (gno, content, moddate, regdate, title, writer) values (default, ?, ?, ?, ?, ?)
Room(gno=123, title=Title...9, content=Content...9, writer=user...9)
Hibernate: insert into room (gno, content, moddate, regdate, title, writer) values (default, ?, ?, ?, ?, ?)
Room(gno=124, title=Title...10, content=Content...10, writer=user...10)
Hibernate: insert into room (gno, content, moddate, regdate, title, writer) values (default, ?, ?, ?, ?, ?)
Room(gno=125, title=Title...11, content=Content...11, writer=user...11)
Hibernate: insert into room (gno, content, moddate, regdate, title, writer) values (default, ?, ?, ?, ?, ?)
Room(gno=126, title=Title...12, content=Content...12, writer=user...12)
Hibernate: insert into room (gno, content, moddate, regdate, title, writer) values (default, ?, ?, ?, ?, ?)
Room(gno=127, title=Title...13, content=Content...13, writer=user...13)
Hibernate: insert into room (gno, content, moddate, regdate, title, writer) values (default, ?, ?, ?, ?, ?)
Room(gno=128, title=Title...14, content=Content...14, writer=user...14)
Hibernate: insert into room (gno, content, moddate, regdate, title, writer) values (default, ?, ?, ?, ?, ?)
Room(gno=129, title=Title...15, content=Content...15, writer=user...15)
Hibernate: insert into room (gno, content, moddate, regdate, title, writer) values (default, ?, ?, ?, ?, ?)
Room(gno=130, title=Title...16, content=Content...16, writer=user...16)
Hibernate: insert into room (gno, content, moddate, regdate, title, writer) values (default, ?, ?, ?, ?, ?)
Room(gno=131, title=Title...17, content=Content...17, writer=user...17)
Hibernate: insert into room (gno, content, moddate, regdate, title, writer) values (default, ?, ?, ?, ?, ?)
Room(gno=132, title=Title...18, content=Content...18, writer=user...18)
Hibernate: insert into room (gno, content, moddate, regdate, title, writer) values (default, ?, ?, ?, ?, ?)
Room(gno=133, title=Title...19, content=Content...19, writer=user...19)
Hibernate: insert into room (gno, content, moddate, regdate, title, writer) values (default, ?, ?, ?, ?, ?)
Room(gno=134, title=Title...20, content=Content...20, writer=user...20)
Hibernate: insert into room (gno, content, moddate, regdate, title, writer) values (default, ?, ?, ?, ?, ?)
Room(gno=135, title=Title...21, content=Content...21, writer=user...21)
Hibernate: insert into room (gno, content, moddate, regdate, title, writer) values (default, ?, ?, ?, ?, ?)
Room(gno=136, title=Title...22, content=Content...22, writer=user...22)
Hibernate: insert into room (gno, content, moddate, regdate, title, writer) values (default, ?, ?, ?, ?, ?)
Room(gno=137, title=Title...23, content=Content...23, writer=user...23)
Hibernate: insert into room (gno, content, moddate, regdate, title, writer) values (default, ?, ?, ?, ?, ?)
Room(gno=138, title=Title...24, content=Content...24, writer=user...24)
Hibernate: insert into room (gno, content, moddate, regdate, title, writer) values (default, ?, ?, ?, ?, ?)
Room(gno=139, title=Title...25, content=Content...25, writer=user...25)
Hibernate: insert into room (gno, content, moddate, regdate, title, writer) values (default, ?, ?, ?, ?, ?)
Room(gno=140, title=Title...26, content=Content...26, writer=user...26)
Hibernate: insert into room (gno, content, moddate, regdate, title, writer) values (default, ?, ?, ?, ?, ?)
Room(gno=141, title=Title...27, content=Content...27, writer=user...27)
Hibernate: insert into room (gno, content, moddate, regdate, title, writer) values (default, ?, ?, ?, ?, ?)
Room(gno=142, title=Title...28, content=Content...28, writer=user...28)
Hibernate: insert into room (gno, content, moddate, regdate, title, writer) values (default, ?, ?, ?, ?, ?)
Room(gno=143, title=Title...29, content=Content...29, writer=user...29)
Hibernate: insert into room (gno, content, moddate, regdate, title, writer) values (default, ?, ?, ?, ?, ?)
Room(gno=144, title=Title...30, content=Content...30, writer=user...30)
Hibernate: insert into room (gno, content, moddate, regdate, title, writer) values (default, ?, ?, ?, ?, ?)
Room(gno=145, title=Title...31, content=Content...31, writer=user...31)
Hibernate: insert into room (gno, content, moddate, regdate, title, writer) values (default, ?, ?, ?, ?, ?)
Room(gno=146, title=Title...32, content=Content...32, writer=user...32)
Hibernate: insert into room (gno, content, moddate, regdate, title, writer) values (default, ?, ?, ?, ?, ?)
Room(gno=147, title=Title...33, content=Content...33, writer=user...33)
Hibernate: insert into room (gno, content, moddate, regdate, title, writer) values (default, ?, ?, ?, ?, ?)
Room(gno=148, title=Title...34, content=Content...34, writer=user...34)
Hibernate: insert into room (gno, content, moddate, regdate, title, writer) values (default, ?, ?, ?, ?, ?)
Room(gno=149, title=Title...35, content=Content...35, writer=user...35)
Hibernate: insert into room (gno, content, moddate, regdate, title, writer) values (default, ?, ?, ?, ?, ?)
Room(gno=150, title=Title...36, content=Content...36, writer=user...36)
Hibernate: insert into room (gno, content, moddate, regdate, title, writer) values (default, ?, ?, ?, ?, ?)
Room(gno=151, title=Title...37, content=Content...37, writer=user...37)
Hibernate: insert into room (gno, content, moddate, regdate, title, writer) values (default, ?, ?, ?, ?, ?)
Room(gno=152, title=Title...38, content=Content...38, writer=user...38)
Hibernate: insert into room (gno, content, moddate, regdate, title, writer) values (default, ?, ?, ?, ?, ?)
Room(gno=153, title=Title...39, content=Content...39, writer=user...39)
Hibernate: insert into room (gno, content, moddate, regdate, title, writer) values (default, ?, ?, ?, ?, ?)
Room(gno=154, title=Title...40, content=Content...40, writer=user...40)
Hibernate: insert into room (gno, content, moddate, regdate, title, writer) values (default, ?, ?, ?, ?, ?)
Room(gno=155, title=Title...41, content=Content...41, writer=user...41)
Hibernate: insert into room (gno, content, moddate, regdate, title, writer) values (default, ?, ?, ?, ?, ?)
Room(gno=156, title=Title...42, content=Content...42, writer=user...42)
Hibernate: insert into room (gno, content, moddate, regdate, title, writer) values (default, ?, ?, ?, ?, ?)
Room(gno=157, title=Title...43, content=Content...43, writer=user...43)
Hibernate: insert into room (gno, content, moddate, regdate, title, writer) values (default, ?, ?, ?, ?, ?)
Room(gno=158, title=Title...44, content=Content...44, writer=user...44)
Hibernate: insert into room (gno, content, moddate, regdate, title, writer) values (default, ?, ?, ?, ?, ?)
Room(gno=159, title=Title...45, content=Content...45, writer=user...45)
Hibernate: insert into room (gno, content, moddate, regdate, title, writer) values (default, ?, ?, ?, ?, ?)
Room(gno=160, title=Title...46, content=Content...46, writer=user...46)
Hibernate: insert into room (gno, content, moddate, regdate, title, writer) values (default, ?, ?, ?, ?, ?)
Room(gno=161, title=Title...47, content=Content...47, writer=user...47)
Hibernate: insert into room (gno, content, moddate, regdate, title, writer) values (default, ?, ?, ?, ?, ?)
Room(gno=162, title=Title...48, content=Content...48, writer=user...48)
Hibernate: insert into room (gno, content, moddate, regdate, title, writer) values (default, ?, ?, ?, ?, ?)
Room(gno=163, title=Title...49, content=Content...49, writer=user...49)
Hibernate: insert into room (gno, content, moddate, regdate, title, writer) values (default, ?, ?, ?, ?, ?)
Room(gno=164, title=Title...50, content=Content...50, writer=user...50)
Hibernate: insert into room (gno, content, moddate, regdate, title, writer) values (default, ?, ?, ?, ?, ?)
Room(gno=165, title=Title...51, content=Content...51, writer=user...51)
Hibernate: insert into room (gno, content, moddate, regdate, title, writer) values (default, ?, ?, ?, ?, ?)
Room(gno=166, title=Title...52, content=Content...52, writer=user...52)
Hibernate: insert into room (gno, content, moddate, regdate, title, writer) values (default, ?, ?, ?, ?, ?)
Room(gno=167, title=Title...53, content=Content...53, writer=user...53)
Hibernate: insert into room (gno, content, moddate, regdate, title, writer) values (default, ?, ?, ?, ?, ?)
Room(gno=168, title=Title...54, content=Content...54, writer=user...54)
Hibernate: insert into room (gno, content, moddate, regdate, title, writer) values (default, ?, ?, ?, ?, ?)
Room(gno=169, title=Title...55, content=Content...55, writer=user...55)
Hibernate: insert into room (gno, content, moddate, regdate, title, writer) values (default, ?, ?, ?, ?, ?)
Room(gno=170, title=Title...56, content=Content...56, writer=user...56)
Hibernate: insert into room (gno, content, moddate, regdate, title, writer) values (default, ?, ?, ?, ?, ?)
Room(gno=171, title=Title...57, content=Content...57, writer=user...57)
Hibernate: insert into room (gno, content, moddate, regdate, title, writer) values (default, ?, ?, ?, ?, ?)
Room(gno=172, title=Title...58, content=Content...58, writer=user...58)
Hibernate: insert into room (gno, content, moddate, regdate, title, writer) values (default, ?, ?, ?, ?, ?)
Room(gno=173, title=Title...59, content=Content...59, writer=user...59)
Hibernate: insert into room (gno, content, moddate, regdate, title, writer) values (default, ?, ?, ?, ?, ?)
Room(gno=174, title=Title...60, content=Content...60, writer=user...60)
Hibernate: insert into room (gno, content, moddate, regdate, title, writer) values (default, ?, ?, ?, ?, ?)
Room(gno=175, title=Title...61, content=Content...61, writer=user...61)
Hibernate: insert into room (gno, content, moddate, regdate, title, writer) values (default, ?, ?, ?, ?, ?)
Room(gno=176, title=Title...62, content=Content...62, writer=user...62)
Hibernate: insert into room (gno, content, moddate, regdate, title, writer) values (default, ?, ?, ?, ?, ?)
Room(gno=177, title=Title...63, content=Content...63, writer=user...63)
Hibernate: insert into room (gno, content, moddate, regdate, title, writer) values (default, ?, ?, ?, ?, ?)
Room(gno=178, title=Title...64, content=Content...64, writer=user...64)
Hibernate: insert into room (gno, content, moddate, regdate, title, writer) values (default, ?, ?, ?, ?, ?)
Room(gno=179, title=Title...65, content=Content...65, writer=user...65)
Hibernate: insert into room (gno, content, moddate, regdate, title, writer) values (default, ?, ?, ?, ?, ?)
Room(gno=180, title=Title...66, content=Content...66, writer=user...66)
Hibernate: insert into room (gno, content, moddate, regdate, title, writer) values (default, ?, ?, ?, ?, ?)
Room(gno=181, title=Title...67, content=Content...67, writer=user...67)
Hibernate: insert into room (gno, content, moddate, regdate, title, writer) values (default, ?, ?, ?, ?, ?)
Room(gno=182, title=Title...68, content=Content...68, writer=user...68)
Hibernate: insert into room (gno, content, moddate, regdate, title, writer) values (default, ?, ?, ?, ?, ?)
Room(gno=183, title=Title...69, content=Content...69, writer=user...69)
Hibernate: insert into room (gno, content, moddate, regdate, title, writer) values (default, ?, ?, ?, ?, ?)
Room(gno=184, title=Title...70, content=Content...70, writer=user...70)
Hibernate: insert into room (gno, content, moddate, regdate, title, writer) values (default, ?, ?, ?, ?, ?)
Room(gno=185, title=Title...71, content=Content...71, writer=user...71)
Hibernate: insert into room (gno, content, moddate, regdate, title, writer) values (default, ?, ?, ?, ?, ?)
Room(gno=186, title=Title...72, content=Content...72, writer=user...72)
Hibernate: insert into room (gno, content, moddate, regdate, title, writer) values (default, ?, ?, ?, ?, ?)
Room(gno=187, title=Title...73, content=Content...73, writer=user...73)
Hibernate: insert into room (gno, content, moddate, regdate, title, writer) values (default, ?, ?, ?, ?, ?)
Room(gno=188, title=Title...74, content=Content...74, writer=user...74)
Hibernate: insert into room (gno, content, moddate, regdate, title, writer) values (default, ?, ?, ?, ?, ?)
Room(gno=189, title=Title...75, content=Content...75, writer=user...75)
Hibernate: insert into room (gno, content, moddate, regdate, title, writer) values (default, ?, ?, ?, ?, ?)
Room(gno=190, title=Title...76, content=Content...76, writer=user...76)
Hibernate: insert into room (gno, content, moddate, regdate, title, writer) values (default, ?, ?, ?, ?, ?)
Room(gno=191, title=Title...77, content=Content...77, writer=user...77)
Hibernate: insert into room (gno, content, moddate, regdate, title, writer) values (default, ?, ?, ?, ?, ?)
Room(gno=192, title=Title...78, content=Content...78, writer=user...78)
Hibernate: insert into room (gno, content, moddate, regdate, title, writer) values (default, ?, ?, ?, ?, ?)
Room(gno=193, title=Title...79, content=Content...79, writer=user...79)
Hibernate: insert into room (gno, content, moddate, regdate, title, writer) values (default, ?, ?, ?, ?, ?)
Room(gno=194, title=Title...80, content=Content...80, writer=user...80)
Hibernate: insert into room (gno, content, moddate, regdate, title, writer) values (default, ?, ?, ?, ?, ?)
Room(gno=195, title=Title...81, content=Content...81, writer=user...81)
Hibernate: insert into room (gno, content, moddate, regdate, title, writer) values (default, ?, ?, ?, ?, ?)
Room(gno=196, title=Title...82, content=Content...82, writer=user...82)
Hibernate: insert into room (gno, content, moddate, regdate, title, writer) values (default, ?, ?, ?, ?, ?)
Room(gno=197, title=Title...83, content=Content...83, writer=user...83)
Hibernate: insert into room (gno, content, moddate, regdate, title, writer) values (default, ?, ?, ?, ?, ?)
Room(gno=198, title=Title...84, content=Content...84, writer=user...84)
Hibernate: insert into room (gno, content, moddate, regdate, title, writer) values (default, ?, ?, ?, ?, ?)
Room(gno=199, title=Title...85, content=Content...85, writer=user...85)
Hibernate: insert into room (gno, content, moddate, regdate, title, writer) values (default, ?, ?, ?, ?, ?)
Room(gno=200, title=Title...86, content=Content...86, writer=user...86)
Hibernate: insert into room (gno, content, moddate, regdate, title, writer) values (default, ?, ?, ?, ?, ?)
Room(gno=201, title=Title...87, content=Content...87, writer=user...87)
Hibernate: insert into room (gno, content, moddate, regdate, title, writer) values (default, ?, ?, ?, ?, ?)
Room(gno=202, title=Title...88, content=Content...88, writer=user...88)
Hibernate: insert into room (gno, content, moddate, regdate, title, writer) values (default, ?, ?, ?, ?, ?)
Room(gno=203, title=Title...89, content=Content...89, writer=user...89)
Hibernate: insert into room (gno, content, moddate, regdate, title, writer) values (default, ?, ?, ?, ?, ?)
Room(gno=204, title=Title...90, content=Content...90, writer=user...90)
Hibernate: insert into room (gno, content, moddate, regdate, title, writer) values (default, ?, ?, ?, ?, ?)
Room(gno=205, title=Title...91, content=Content...91, writer=user...91)
Hibernate: insert into room (gno, content, moddate, regdate, title, writer) values (default, ?, ?, ?, ?, ?)
Room(gno=206, title=Title...92, content=Content...92, writer=user...92)
Hibernate: insert into room (gno, content, moddate, regdate, title, writer) values (default, ?, ?, ?, ?, ?)
Room(gno=207, title=Title...93, content=Content...93, writer=user...93)
Hibernate: insert into room (gno, content, moddate, regdate, title, writer) values (default, ?, ?, ?, ?, ?)
Room(gno=208, title=Title...94, content=Content...94, writer=user...94)
Hibernate: insert into room (gno, content, moddate, regdate, title, writer) values (default, ?, ?, ?, ?, ?)
Room(gno=209, title=Title...95, content=Content...95, writer=user...95)
Hibernate: insert into room (gno, content, moddate, regdate, title, writer) values (default, ?, ?, ?, ?, ?)
Room(gno=210, title=Title...96, content=Content...96, writer=user...96)
Hibernate: insert into room (gno, content, moddate, regdate, title, writer) values (default, ?, ?, ?, ?, ?)
Room(gno=211, title=Title...97, content=Content...97, writer=user...97)
Hibernate: insert into room (gno, content, moddate, regdate, title, writer) values (default, ?, ?, ?, ?, ?)
Room(gno=212, title=Title...98, content=Content...98, writer=user...98)
Hibernate: insert into room (gno, content, moddate, regdate, title, writer) values (default, ?, ?, ?, ?, ?)
Room(gno=213, title=Title...99, content=Content...99, writer=user...99)
Hibernate: insert into room (gno, content, moddate, regdate, title, writer) values (default, ?, ?, ?, ?, ?)
Room(gno=214, title=Title...100, content=Content...100, writer=user...100)
Hibernate: insert into room (gno, content, moddate, regdate, title, writer) values (default, ?, ?, ?, ?, ?)
Room(gno=215, title=Title...101, content=Content...101, writer=user...101)
Hibernate: insert into room (gno, content, moddate, regdate, title, writer) values (default, ?, ?, ?, ?, ?)
Room(gno=216, title=Title...102, content=Content...102, writer=user...102)
Hibernate: select r1_0.gno,r1_0.content,r1_0.moddate,r1_0.regdate,r1_0.title,r1_0.writer from room r1_0 where r1_0.gno>? order by r1_0.gno desc offset ? rows fetch first ? rows only
Hibernate: select count(r1_0.gno) from room r1_0 where r1_0.gno>?
PREV: false
NEXT: true
TOTAL: 22
=======================================
RoomDTO(gno=216, title=Title...102, content=Content...102, writer=user...102, regDate=2023-04-05T06:23:21.306786, modDate=2023-04-05T06:23:21.306786)
RoomDTO(gno=215, title=Title...101, content=Content...101, writer=user...101, regDate=2023-04-05T06:23:21.305785, modDate=2023-04-05T06:23:21.305785)
RoomDTO(gno=214, title=Title...100, content=Content...100, writer=user...100, regDate=2023-04-05T06:23:21.305785, modDate=2023-04-05T06:23:21.305785)
RoomDTO(gno=213, title=Title...99, content=Content...99, writer=user...99, regDate=2023-04-05T06:23:21.305785, modDate=2023-04-05T06:23:21.305785)
RoomDTO(gno=212, title=Title...98, content=Content...98, writer=user...98, regDate=2023-04-05T06:23:21.304785, modDate=2023-04-05T06:23:21.304785)
RoomDTO(gno=211, title=Title...97, content=Content...97, writer=user...97, regDate=2023-04-05T06:23:21.304785, modDate=2023-04-05T06:23:21.304785)
RoomDTO(gno=210, title=Title...96, content=Content...96, writer=user...96, regDate=2023-04-05T06:23:21.304785, modDate=2023-04-05T06:23:21.304785)
RoomDTO(gno=209, title=Title...95, content=Content...95, writer=user...95, regDate=2023-04-05T06:23:21.303784, modDate=2023-04-05T06:23:21.303784)
RoomDTO(gno=208, title=Title...94, content=Content...94, writer=user...94, regDate=2023-04-05T06:23:21.303784, modDate=2023-04-05T06:23:21.303784)
RoomDTO(gno=207, title=Title...93, content=Content...93, writer=user...93, regDate=2023-04-05T06:23:21.303784, modDate=2023-04-05T06:23:21.303784)
=======================================
1
2
3
4
5
6
7
8
9
10
2023-04-05T06:23:21.326+09:00  INFO 1760 --- [    Test worker] c.r.reservation.service.RoomServiceImpl  : DTO---------------
2023-04-05T06:23:21.327+09:00  INFO 1760 --- [    Test worker] c.r.reservation.service.RoomServiceImpl  : RoomDTO(gno=null, title=SAMPLE TITLE...., content=Sample Content...., writer=user0, regDate=null, modDate=null)
2023-04-05T06:23:21.327+09:00  INFO 1760 --- [    Test worker] c.r.reservation.service.RoomServiceImpl  : Room(gno=null, title=SAMPLE TITLE...., content=Sample Content...., writer=user0)
Hibernate: insert into room (gno, content, moddate, regdate, title, writer) values (default, ?, ?, ?, ?, ?)
217
Hibernate: insert into room (gno, content, moddate, regdate, title, writer) values (default, ?, ?, ?, ?, ?)
Hibernate: insert into room (gno, content, moddate, regdate, title, writer) values (default, ?, ?, ?, ?, ?)
Hibernate: insert into room (gno, content, moddate, regdate, title, writer) values (default, ?, ?, ?, ?, ?)
Hibernate: insert into room (gno, content, moddate, regdate, title, writer) values (default, ?, ?, ?, ?, ?)
Hibernate: insert into room (gno, content, moddate, regdate, title, writer) values (default, ?, ?, ?, ?, ?)
Hibernate: insert into room (gno, content, moddate, regdate, title, writer) values (default, ?, ?, ?, ?, ?)
Hibernate: insert into room (gno, content, moddate, regdate, title, writer) values (default, ?, ?, ?, ?, ?)
Hibernate: insert into room (gno, content, moddate, regdate, title, writer) values (default, ?, ?, ?, ?, ?)
Hibernate: insert into room (gno, content, moddate, regdate, title, writer) values (default, ?, ?, ?, ?, ?)
Hibernate: insert into room (gno, content, moddate, regdate, title, writer) values (default, ?, ?, ?, ?, ?)
Hibernate: insert into room (gno, content, moddate, regdate, title, writer) values (default, ?, ?, ?, ?, ?)
Hibernate: insert into room (gno, content, moddate, regdate, title, writer) values (default, ?, ?, ?, ?, ?)
Hibernate: insert into room (gno, content, moddate, regdate, title, writer) values (default, ?, ?, ?, ?, ?)
Hibernate: insert into room (gno, content, moddate, regdate, title, writer) values (default, ?, ?, ?, ?, ?)
Hibernate: insert into room (gno, content, moddate, regdate, title, writer) values (default, ?, ?, ?, ?, ?)
Hibernate: insert into room (gno, content, moddate, regdate, title, writer) values (default, ?, ?, ?, ?, ?)
Hibernate: insert into room (gno, content, moddate, regdate, title, writer) values (default, ?, ?, ?, ?, ?)
Hibernate: insert into room (gno, content, moddate, regdate, title, writer) values (default, ?, ?, ?, ?, ?)
Hibernate: insert into room (gno, content, moddate, regdate, title, writer) values (default, ?, ?, ?, ?, ?)
Hibernate: insert into room (gno, content, moddate, regdate, title, writer) values (default, ?, ?, ?, ?, ?)
Hibernate: insert into room (gno, content, moddate, regdate, title, writer) values (default, ?, ?, ?, ?, ?)
Hibernate: insert into room (gno, content, moddate, regdate, title, writer) values (default, ?, ?, ?, ?, ?)
Hibernate: insert into room (gno, content, moddate, regdate, title, writer) values (default, ?, ?, ?, ?, ?)
Hibernate: insert into room (gno, content, moddate, regdate, title, writer) values (default, ?, ?, ?, ?, ?)
Hibernate: insert into room (gno, content, moddate, regdate, title, writer) values (default, ?, ?, ?, ?, ?)
Hibernate: insert into room (gno, content, moddate, regdate, title, writer) values (default, ?, ?, ?, ?, ?)
Hibernate: insert into room (gno, content, moddate, regdate, title, writer) values (default, ?, ?, ?, ?, ?)
Hibernate: insert into room (gno, content, moddate, regdate, title, writer) values (default, ?, ?, ?, ?, ?)
Hibernate: insert into room (gno, content, moddate, regdate, title, writer) values (default, ?, ?, ?, ?, ?)
Hibernate: insert into room (gno, content, moddate, regdate, title, writer) values (default, ?, ?, ?, ?, ?)
Hibernate: insert into room (gno, content, moddate, regdate, title, writer) values (default, ?, ?, ?, ?, ?)
Hibernate: insert into room (gno, content, moddate, regdate, title, writer) values (default, ?, ?, ?, ?, ?)
Hibernate: insert into room (gno, content, moddate, regdate, title, writer) values (default, ?, ?, ?, ?, ?)
Hibernate: insert into room (gno, content, moddate, regdate, title, writer) values (default, ?, ?, ?, ?, ?)
Hibernate: select r1_0.gno,r1_0.content,r1_0.moddate,r1_0.regdate,r1_0.title,r1_0.writer from room r1_0 where r1_0.gno>? and (r1_0.title like ? escape '!' or r1_0.content like ? escape '!') order by r1_0.gno desc offset ? rows fetch first ? rows only
PREV: false
NEXT: false
TOTAL: 1
===========================================
RoomDTO(gno=249, title=Title...32, content=Content...32, writer=Writer....32, regDate=2023-04-05T06:23:21.343820, modDate=2023-04-05T06:23:21.343820)
RoomDTO(gno=146, title=Title...32, content=Content...32, writer=user...32, regDate=2023-04-05T06:23:21.279762, modDate=2023-04-05T06:23:21.279762)
===========================================
1
]]></system-out>
  <system-err><![CDATA[]]></system-err>
</testsuite>
