<?xml version="1.0" encoding="UTF-8"?>
<testsuite name="com.room.reservation.web.IndexControllerTest" tests="1" skipped="0" failures="0" errors="0" timestamp="2023-03-11T09:19:25" hostname="DESKTOP-G32OBQ8" time="0.212">
  <properties/>
  <testcase name="메인페이지_로딩" classname="com.room.reservation.web.IndexControllerTest" time="0.212"/>
  <system-out><![CDATA[2023-03-11 18:19:22.061  INFO 11836 --- [    Test worker] .b.t.c.SpringBootTestContextBootstrapper : Neither @ContextConfiguration nor @ContextHierarchy found for test class [com.room.reservation.web.IndexControllerTest], using SpringBootContextLoader
2023-03-11 18:19:22.061  INFO 11836 --- [    Test worker] o.s.t.c.support.AbstractContextLoader    : Could not detect default resource locations for test class [com.room.reservation.web.IndexControllerTest]: no resource found for suffixes {-context.xml, Context.groovy}.
2023-03-11 18:19:22.061  INFO 11836 --- [    Test worker] t.c.s.AnnotationConfigContextLoaderUtils : Could not detect default configuration classes for test class [com.room.reservation.web.IndexControllerTest]: IndexControllerTest does not declare any static, non-private, non-final, nested classes annotated with @Configuration.
2023-03-11 18:19:22.063  INFO 11836 --- [    Test worker] .b.t.c.SpringBootTestContextBootstrapper : Found @SpringBootConfiguration com.room.reservation.Application for test class com.room.reservation.web.IndexControllerTest
2023-03-11 18:19:22.064  INFO 11836 --- [    Test worker] .b.t.c.SpringBootTestContextBootstrapper : Loaded default TestExecutionListener class names from location [META-INF/spring.factories]: [org.springframework.security.test.context.support.WithSecurityContextTestExecutionListener, org.springframework.security.test.context.support.ReactorContextTestExecutionListener, org.springframework.boot.test.autoconfigure.restdocs.RestDocsTestExecutionListener, org.springframework.boot.test.autoconfigure.web.client.MockRestServiceServerResetTestExecutionListener, org.springframework.boot.test.autoconfigure.web.servlet.MockMvcPrintOnlyOnFailureTestExecutionListener, org.springframework.boot.test.autoconfigure.web.servlet.WebDriverTestExecutionListener, org.springframework.boot.test.mock.mockito.MockitoTestExecutionListener, org.springframework.boot.test.mock.mockito.ResetMocksTestExecutionListener, org.springframework.test.context.web.ServletTestExecutionListener, org.springframework.test.context.support.DirtiesContextBeforeModesTestExecutionListener, org.springframework.test.context.support.DependencyInjectionTestExecutionListener, org.springframework.test.context.support.DirtiesContextTestExecutionListener, org.springframework.test.context.transaction.TransactionalTestExecutionListener, org.springframework.test.context.jdbc.SqlScriptsTestExecutionListener]
2023-03-11 18:19:22.065  INFO 11836 --- [    Test worker] .b.t.c.SpringBootTestContextBootstrapper : Using TestExecutionListeners: [org.springframework.test.context.web.ServletTestExecutionListener@6232ffdb, org.springframework.test.context.support.DirtiesContextBeforeModesTestExecutionListener@330c1f61, org.springframework.boot.test.mock.mockito.MockitoTestExecutionListener@37d28f02, org.springframework.boot.test.autoconfigure.SpringBootDependencyInjectionTestExecutionListener@15efda6c, org.springframework.test.context.support.DirtiesContextTestExecutionListener@6056232d, org.springframework.test.context.transaction.TransactionalTestExecutionListener@33f2df51, org.springframework.test.context.jdbc.SqlScriptsTestExecutionListener@107bfcb2, org.springframework.security.test.context.support.WithSecurityContextTestExecutionListener@7bac686b, org.springframework.security.test.context.support.ReactorContextTestExecutionListener@2ab26378, org.springframework.boot.test.autoconfigure.restdocs.RestDocsTestExecutionListener@f9f3928, org.springframework.boot.test.autoconfigure.web.client.MockRestServiceServerResetTestExecutionListener@404eca05, org.springframework.boot.test.autoconfigure.web.servlet.MockMvcPrintOnlyOnFailureTestExecutionListener@58b91d57, org.springframework.boot.test.autoconfigure.web.servlet.WebDriverTestExecutionListener@61a91c9b, org.springframework.boot.test.mock.mockito.ResetMocksTestExecutionListener@17092fff]

  .   ____          _            __ _ _
 /\\ / ___'_ __ _ _(_)_ __  __ _ \ \ \ \
( ( )\___ | '_ | '_| | '_ \/ _` | \ \ \ \
 \\/  ___)| |_)| | | | | || (_| |  ) ) ) )
  '  |____| .__|_| |_|_| |_\__, | / / / /
 =========|_|==============|___/=/_/_/_/
 :: Spring Boot ::        (v2.1.7.RELEASE)

2023-03-11 18:19:22.095  INFO 11836 --- [    Test worker] c.r.reservation.web.IndexControllerTest  : Starting IndexControllerTest on DESKTOP-G32OBQ8 with PID 11836 (started by user in C:\Users\user\IdeaProjects\room_reservation)
2023-03-11 18:19:22.096  INFO 11836 --- [    Test worker] c.r.reservation.web.IndexControllerTest  : No active profile set, falling back to default profiles: default
2023-03-11 18:19:22.392  INFO 11836 --- [    Test worker] .s.d.r.c.RepositoryConfigurationDelegate : Bootstrapping Spring Data repositories in DEFAULT mode.
2023-03-11 18:19:22.448  INFO 11836 --- [    Test worker] .s.d.r.c.RepositoryConfigurationDelegate : Finished Spring Data repository scanning in 50ms. Found 2 repository interfaces.
2023-03-11 18:19:22.646  INFO 11836 --- [    Test worker] trationDelegate$BeanPostProcessorChecker : Bean 'org.springframework.transaction.annotation.ProxyTransactionManagementConfiguration' of type [org.springframework.transaction.annotation.ProxyTransactionManagementConfiguration$$EnhancerBySpringCGLIB$$746a0870] is not eligible for getting processed by all BeanPostProcessors (for example: not eligible for auto-proxying)
2023-03-11 18:19:22.898  INFO 11836 --- [    Test worker] o.s.b.w.embedded.tomcat.TomcatWebServer  : Tomcat initialized with port(s): 0 (http)
2023-03-11 18:19:22.919  INFO 11836 --- [    Test worker] o.apache.catalina.core.StandardService   : Starting service [Tomcat]
2023-03-11 18:19:22.919  INFO 11836 --- [    Test worker] org.apache.catalina.core.StandardEngine  : Starting Servlet engine: [Apache Tomcat/9.0.22]
2023-03-11 18:19:23.025  INFO 11836 --- [    Test worker] o.a.c.c.C.[Tomcat].[localhost].[/]       : Initializing Spring embedded WebApplicationContext
2023-03-11 18:19:23.025  INFO 11836 --- [    Test worker] o.s.web.context.ContextLoader            : Root WebApplicationContext: initialization completed in 927 ms
2023-03-11 18:19:23.214  INFO 11836 --- [    Test worker] com.zaxxer.hikari.HikariDataSource       : HikariPool-1 - Starting...
2023-03-11 18:19:23.355  INFO 11836 --- [    Test worker] com.zaxxer.hikari.HikariDataSource       : HikariPool-1 - Start completed.
2023-03-11 18:19:23.431  INFO 11836 --- [    Test worker] o.hibernate.jpa.internal.util.LogHelper  : HHH000204: Processing PersistenceUnitInfo [
	name: default
	...]
2023-03-11 18:19:23.500  INFO 11836 --- [    Test worker] org.hibernate.Version                    : HHH000412: Hibernate Core {5.3.10.Final}
2023-03-11 18:19:23.502  INFO 11836 --- [    Test worker] org.hibernate.cfg.Environment            : HHH000206: hibernate.properties not found
2023-03-11 18:19:23.563  INFO 11836 --- [    Test worker] o.hibernate.annotations.common.Version   : HCANN000001: Hibernate Commons Annotations {5.0.4.Final}
2023-03-11 18:19:23.701  INFO 11836 --- [    Test worker] org.hibernate.dialect.Dialect            : HHH000400: Using dialect: org.hibernate.dialect.MySQL5InnoDBDialect
Hibernate: drop table if exists posts
Hibernate: drop table if exists user
Hibernate: create table posts (id bigint not null auto_increment, created_date datetime, modified_date datetime, author varchar(255), content TEXT not null, title varchar(500) not null, primary key (id)) engine=InnoDB
Hibernate: create table user (id bigint not null auto_increment, created_date datetime, modified_date datetime, email varchar(255) not null, name varchar(255) not null, picture varchar(255), role varchar(255) not null, primary key (id)) engine=InnoDB
2023-03-11 18:19:24.393  INFO 11836 --- [    Test worker] o.h.t.schema.internal.SchemaCreatorImpl  : HHH000476: Executing import script 'org.hibernate.tool.schema.internal.exec.ScriptSourceInputNonExistentImpl@12a0d249'
2023-03-11 18:19:24.395  INFO 11836 --- [    Test worker] j.LocalContainerEntityManagerFactoryBean : Initialized JPA EntityManagerFactory for persistence unit 'default'
2023-03-11 18:19:24.874  INFO 11836 --- [    Test worker] o.h.h.i.QueryTranslatorFactoryInitiator  : HHH000397: Using ASTQueryTranslatorFactory
2023-03-11 18:19:25.108  INFO 11836 --- [    Test worker] o.s.s.web.DefaultSecurityFilterChain     : Creating filter chain: any request, [org.springframework.security.web.context.request.async.WebAsyncManagerIntegrationFilter@15ee8861, org.springframework.security.web.context.SecurityContextPersistenceFilter@27682fa9, org.springframework.security.web.header.HeaderWriterFilter@578d5d02, org.springframework.security.web.authentication.logout.LogoutFilter@1f1574c, org.springframework.security.oauth2.client.web.OAuth2AuthorizationRequestRedirectFilter@5cfe28e1, org.springframework.security.oauth2.client.web.OAuth2LoginAuthenticationFilter@1ce57bbb, org.springframework.security.web.authentication.ui.DefaultLoginPageGeneratingFilter@67823972, org.springframework.security.web.authentication.ui.DefaultLogoutPageGeneratingFilter@6afaf27, org.springframework.security.web.savedrequest.RequestCacheAwareFilter@2fb70301, org.springframework.security.web.servletapi.SecurityContextHolderAwareRequestFilter@126f2eb8, org.springframework.security.web.authentication.AnonymousAuthenticationFilter@31a024ea, org.springframework.security.web.session.SessionManagementFilter@77f04d1a, org.springframework.security.web.access.ExceptionTranslationFilter@59aa2fba, org.springframework.security.web.access.intercept.FilterSecurityInterceptor@308be1a3]
2023-03-11 18:19:25.247  INFO 11836 --- [    Test worker] o.s.s.concurrent.ThreadPoolTaskExecutor  : Initializing ExecutorService 'applicationTaskExecutor'
2023-03-11 18:19:25.259  WARN 11836 --- [    Test worker] aWebConfiguration$JpaWebMvcConfiguration : spring.jpa.open-in-view is enabled by default. Therefore, database queries may be performed during view rendering. Explicitly configure spring.jpa.open-in-view to disable this warning
2023-03-11 18:19:25.288  INFO 11836 --- [    Test worker] o.s.b.a.w.s.WelcomePageHandlerMapping    : Adding welcome page template: index
2023-03-11 18:19:25.539  INFO 11836 --- [    Test worker] s.a.ScheduledAnnotationBeanPostProcessor : No TaskScheduler/ScheduledExecutorService bean found for scheduled processing
2023-03-11 18:19:25.557  INFO 11836 --- [    Test worker] o.s.b.w.embedded.tomcat.TomcatWebServer  : Tomcat started on port(s): 52898 (http) with context path ''
2023-03-11 18:19:25.558  INFO 11836 --- [    Test worker] c.r.reservation.web.IndexControllerTest  : Started IndexControllerTest in 3.491 seconds (JVM running for 6.364)
2023-03-11 18:19:25.622  INFO 11836 --- [o-auto-1-exec-1] o.a.c.c.C.[Tomcat].[localhost].[/]       : Initializing Spring DispatcherServlet 'dispatcherServlet'
2023-03-11 18:19:25.623  INFO 11836 --- [o-auto-1-exec-1] o.s.web.servlet.DispatcherServlet        : Initializing Servlet 'dispatcherServlet'
2023-03-11 18:19:25.638  INFO 11836 --- [o-auto-1-exec-1] o.s.web.servlet.DispatcherServlet        : Completed initialization in 15 ms
Hibernate: select posts0_.id as id1_0_, posts0_.created_date as created_2_0_, posts0_.modified_date as modified3_0_, posts0_.author as author4_0_, posts0_.content as content5_0_, posts0_.title as title6_0_ from posts posts0_ order by posts0_.id DESC
]]></system-out>
  <system-err><![CDATA[]]></system-err>
</testsuite>
