<?xml version="1.0" encoding="UTF-8"?>
<testsuite name="com.room.reservation.web.IndexControllerTest" tests="1" skipped="0" failures="0" errors="0" timestamp="2023-03-18T22:29:30" hostname="DESKTOP-G32OBQ8" time="0.227">
  <properties/>
  <testcase name="메인페이지_로딩" classname="com.room.reservation.web.IndexControllerTest" time="0.227"/>
  <system-out><![CDATA[07:29:26.010 [Test worker] DEBUG org.springframework.test.context.junit4.SpringJUnit4ClassRunner - SpringJUnit4ClassRunner constructor called with [class com.room.reservation.web.IndexControllerTest]
07:29:26.015 [Test worker] DEBUG org.springframework.test.context.BootstrapUtils - Instantiating CacheAwareContextLoaderDelegate from class [org.springframework.test.context.cache.DefaultCacheAwareContextLoaderDelegate]
07:29:26.021 [Test worker] DEBUG org.springframework.test.context.BootstrapUtils - Instantiating BootstrapContext using constructor [public org.springframework.test.context.support.DefaultBootstrapContext(java.lang.Class,org.springframework.test.context.CacheAwareContextLoaderDelegate)]
07:29:26.034 [Test worker] DEBUG org.springframework.test.context.BootstrapUtils - Instantiating TestContextBootstrapper for test class [com.room.reservation.web.IndexControllerTest] from class [org.springframework.boot.test.context.SpringBootTestContextBootstrapper]
07:29:26.044 [Test worker] INFO org.springframework.boot.test.context.SpringBootTestContextBootstrapper - Neither @ContextConfiguration nor @ContextHierarchy found for test class [com.room.reservation.web.IndexControllerTest], using SpringBootContextLoader
07:29:26.046 [Test worker] DEBUG org.springframework.test.context.support.AbstractContextLoader - Did not detect default resource location for test class [com.room.reservation.web.IndexControllerTest]: class path resource [com/room/reservation/web/IndexControllerTest-context.xml] does not exist
07:29:26.047 [Test worker] DEBUG org.springframework.test.context.support.AbstractContextLoader - Did not detect default resource location for test class [com.room.reservation.web.IndexControllerTest]: class path resource [com/room/reservation/web/IndexControllerTestContext.groovy] does not exist
07:29:26.047 [Test worker] INFO org.springframework.test.context.support.AbstractContextLoader - Could not detect default resource locations for test class [com.room.reservation.web.IndexControllerTest]: no resource found for suffixes {-context.xml, Context.groovy}.
07:29:26.047 [Test worker] INFO org.springframework.test.context.support.AnnotationConfigContextLoaderUtils - Could not detect default configuration classes for test class [com.room.reservation.web.IndexControllerTest]: IndexControllerTest does not declare any static, non-private, non-final, nested classes annotated with @Configuration.
07:29:26.075 [Test worker] DEBUG org.springframework.test.context.support.ActiveProfilesUtils - Could not find an 'annotation declaring class' for annotation type [org.springframework.test.context.ActiveProfiles] and class [com.room.reservation.web.IndexControllerTest]
07:29:26.145 [Test worker] DEBUG org.springframework.context.annotation.ClassPathScanningCandidateComponentProvider - Identified candidate component class: file [C:\Users\user\IdeaProjects\room_reservation\build\classes\java\main\com\room\reservation\Application.class]
07:29:26.147 [Test worker] INFO org.springframework.boot.test.context.SpringBootTestContextBootstrapper - Found @SpringBootConfiguration com.room.reservation.Application for test class com.room.reservation.web.IndexControllerTest
07:29:26.225 [Test worker] DEBUG org.springframework.boot.test.context.SpringBootTestContextBootstrapper - @TestExecutionListeners is not present for class [com.room.reservation.web.IndexControllerTest]: using defaults.
07:29:26.225 [Test worker] INFO org.springframework.boot.test.context.SpringBootTestContextBootstrapper - Loaded default TestExecutionListener class names from location [META-INF/spring.factories]: [org.springframework.security.test.context.support.WithSecurityContextTestExecutionListener, org.springframework.security.test.context.support.ReactorContextTestExecutionListener, org.springframework.boot.test.autoconfigure.restdocs.RestDocsTestExecutionListener, org.springframework.boot.test.autoconfigure.web.client.MockRestServiceServerResetTestExecutionListener, org.springframework.boot.test.autoconfigure.web.servlet.MockMvcPrintOnlyOnFailureTestExecutionListener, org.springframework.boot.test.autoconfigure.web.servlet.WebDriverTestExecutionListener, org.springframework.boot.test.mock.mockito.MockitoTestExecutionListener, org.springframework.boot.test.mock.mockito.ResetMocksTestExecutionListener, org.springframework.test.context.web.ServletTestExecutionListener, org.springframework.test.context.support.DirtiesContextBeforeModesTestExecutionListener, org.springframework.test.context.support.DependencyInjectionTestExecutionListener, org.springframework.test.context.support.DirtiesContextTestExecutionListener, org.springframework.test.context.transaction.TransactionalTestExecutionListener, org.springframework.test.context.jdbc.SqlScriptsTestExecutionListener]
07:29:26.240 [Test worker] INFO org.springframework.boot.test.context.SpringBootTestContextBootstrapper - Using TestExecutionListeners: [org.springframework.test.context.web.ServletTestExecutionListener@15888343, org.springframework.test.context.support.DirtiesContextBeforeModesTestExecutionListener@33ecda92, org.springframework.boot.test.mock.mockito.MockitoTestExecutionListener@14fc5f04, org.springframework.boot.test.autoconfigure.SpringBootDependencyInjectionTestExecutionListener@6e2829c7, org.springframework.test.context.support.DirtiesContextTestExecutionListener@3feb2dda, org.springframework.test.context.transaction.TransactionalTestExecutionListener@6a8658ff, org.springframework.test.context.jdbc.SqlScriptsTestExecutionListener@1c742ed4, org.springframework.security.test.context.support.WithSecurityContextTestExecutionListener@333d4a8c, org.springframework.security.test.context.support.ReactorContextTestExecutionListener@55de24cc, org.springframework.boot.test.autoconfigure.restdocs.RestDocsTestExecutionListener@dc7df28, org.springframework.boot.test.autoconfigure.web.client.MockRestServiceServerResetTestExecutionListener@30f842ca, org.springframework.boot.test.autoconfigure.web.servlet.MockMvcPrintOnlyOnFailureTestExecutionListener@69c81773, org.springframework.boot.test.autoconfigure.web.servlet.WebDriverTestExecutionListener@4d14b6c2, org.springframework.boot.test.mock.mockito.ResetMocksTestExecutionListener@7e990ed7]
07:29:26.241 [Test worker] DEBUG org.springframework.test.annotation.ProfileValueUtils - Retrieved @ProfileValueSourceConfiguration [null] for test class [com.room.reservation.web.IndexControllerTest]
07:29:26.242 [Test worker] DEBUG org.springframework.test.annotation.ProfileValueUtils - Retrieved ProfileValueSource type [class org.springframework.test.annotation.SystemProfileValueSource] for class [com.room.reservation.web.IndexControllerTest]
07:29:26.243 [Test worker] DEBUG org.springframework.test.annotation.ProfileValueUtils - Retrieved @ProfileValueSourceConfiguration [null] for test class [com.room.reservation.web.IndexControllerTest]
07:29:26.243 [Test worker] DEBUG org.springframework.test.annotation.ProfileValueUtils - Retrieved ProfileValueSource type [class org.springframework.test.annotation.SystemProfileValueSource] for class [com.room.reservation.web.IndexControllerTest]
07:29:26.244 [Test worker] DEBUG org.springframework.test.annotation.ProfileValueUtils - Retrieved @ProfileValueSourceConfiguration [null] for test class [com.room.reservation.web.IndexControllerTest]
07:29:26.244 [Test worker] DEBUG org.springframework.test.annotation.ProfileValueUtils - Retrieved ProfileValueSource type [class org.springframework.test.annotation.SystemProfileValueSource] for class [com.room.reservation.web.IndexControllerTest]
07:29:26.246 [Test worker] DEBUG org.springframework.test.annotation.ProfileValueUtils - Retrieved @ProfileValueSourceConfiguration [null] for test class [com.room.reservation.web.IndexControllerTest]
07:29:26.246 [Test worker] DEBUG org.springframework.test.annotation.ProfileValueUtils - Retrieved ProfileValueSource type [class org.springframework.test.annotation.SystemProfileValueSource] for class [com.room.reservation.web.IndexControllerTest]
07:29:26.246 [Test worker] DEBUG org.springframework.test.annotation.ProfileValueUtils - Retrieved @ProfileValueSourceConfiguration [null] for test class [com.room.reservation.web.IndexControllerTest]
07:29:26.246 [Test worker] DEBUG org.springframework.test.annotation.ProfileValueUtils - Retrieved ProfileValueSource type [class org.springframework.test.annotation.SystemProfileValueSource] for class [com.room.reservation.web.IndexControllerTest]
07:29:26.250 [Test worker] DEBUG org.springframework.test.context.support.AbstractDirtiesContextTestExecutionListener - Before test class: context [DefaultTestContext@6cd24612 testClass = IndexControllerTest, testInstance = [null], testMethod = [null], testException = [null], mergedContextConfiguration = [WebMergedContextConfiguration@5dafbe45 testClass = IndexControllerTest, locations = '{}', classes = '{class com.room.reservation.Application}', contextInitializerClasses = '[]', activeProfiles = '{}', propertySourceLocations = '{}', propertySourceProperties = '{org.springframework.boot.test.context.SpringBootTestContextBootstrapper=true, server.port=0}', contextCustomizers = set[org.springframework.boot.test.autoconfigure.properties.PropertyMappingContextCustomizer@0, org.springframework.boot.test.autoconfigure.web.servlet.WebDriverContextCustomizerFactory$Customizer@2a4fb17b, org.springframework.boot.test.context.filter.ExcludeFilterContextCustomizer@7c7b252e, org.springframework.boot.test.json.DuplicateJsonObjectContextCustomizerFactory$DuplicateJsonObjectContextCustomizer@4c583ecf, org.springframework.boot.test.mock.mockito.MockitoContextCustomizer@0, org.springframework.boot.test.web.client.TestRestTemplateContextCustomizer@765d7657], resourceBasePath = 'src/main/webapp', contextLoader = 'org.springframework.boot.test.context.SpringBootContextLoader', parent = [null]], attributes = map['org.springframework.test.context.web.ServletTestExecutionListener.activateListener' -> false]], class annotated with @DirtiesContext [false] with mode [null].
07:29:26.251 [Test worker] DEBUG org.springframework.test.annotation.ProfileValueUtils - Retrieved @ProfileValueSourceConfiguration [null] for test class [com.room.reservation.web.IndexControllerTest]
07:29:26.251 [Test worker] DEBUG org.springframework.test.annotation.ProfileValueUtils - Retrieved ProfileValueSource type [class org.springframework.test.annotation.SystemProfileValueSource] for class [com.room.reservation.web.IndexControllerTest]
07:29:26.255 [Test worker] DEBUG org.springframework.test.context.support.DependencyInjectionTestExecutionListener - Performing dependency injection for test context [[DefaultTestContext@6cd24612 testClass = IndexControllerTest, testInstance = com.room.reservation.web.IndexControllerTest@1f9f6368, testMethod = [null], testException = [null], mergedContextConfiguration = [WebMergedContextConfiguration@5dafbe45 testClass = IndexControllerTest, locations = '{}', classes = '{class com.room.reservation.Application}', contextInitializerClasses = '[]', activeProfiles = '{}', propertySourceLocations = '{}', propertySourceProperties = '{org.springframework.boot.test.context.SpringBootTestContextBootstrapper=true, server.port=0}', contextCustomizers = set[org.springframework.boot.test.autoconfigure.properties.PropertyMappingContextCustomizer@0, org.springframework.boot.test.autoconfigure.web.servlet.WebDriverContextCustomizerFactory$Customizer@2a4fb17b, org.springframework.boot.test.context.filter.ExcludeFilterContextCustomizer@7c7b252e, org.springframework.boot.test.json.DuplicateJsonObjectContextCustomizerFactory$DuplicateJsonObjectContextCustomizer@4c583ecf, org.springframework.boot.test.mock.mockito.MockitoContextCustomizer@0, org.springframework.boot.test.web.client.TestRestTemplateContextCustomizer@765d7657], resourceBasePath = 'src/main/webapp', contextLoader = 'org.springframework.boot.test.context.SpringBootContextLoader', parent = [null]], attributes = map['org.springframework.test.context.web.ServletTestExecutionListener.activateListener' -> false]]].
07:29:26.269 [Test worker] DEBUG org.springframework.test.context.support.TestPropertySourceUtils - Adding inlined properties to environment: {spring.jmx.enabled=false, org.springframework.boot.test.context.SpringBootTestContextBootstrapper=true, server.port=0}

  .   ____          _            __ _ _
 /\\ / ___'_ __ _ _(_)_ __  __ _ \ \ \ \
( ( )\___ | '_ | '_| | '_ \/ _` | \ \ \ \
 \\/  ___)| |_)| | | | | || (_| |  ) ) ) )
  '  |____| .__|_| |_|_| |_\__, | / / / /
 =========|_|==============|___/=/_/_/_/
 :: Spring Boot ::        (v2.1.7.RELEASE)

2023-03-19 07:29:26.442  INFO 15344 --- [    Test worker] c.r.reservation.web.IndexControllerTest  : Starting IndexControllerTest on DESKTOP-G32OBQ8 with PID 15344 (started by user in C:\Users\user\IdeaProjects\room_reservation)
2023-03-19 07:29:26.444  INFO 15344 --- [    Test worker] c.r.reservation.web.IndexControllerTest  : No active profile set, falling back to default profiles: default
2023-03-19 07:29:26.962  INFO 15344 --- [    Test worker] .s.d.r.c.RepositoryConfigurationDelegate : Bootstrapping Spring Data repositories in DEFAULT mode.
2023-03-19 07:29:27.024  INFO 15344 --- [    Test worker] .s.d.r.c.RepositoryConfigurationDelegate : Finished Spring Data repository scanning in 55ms. Found 2 repository interfaces.
2023-03-19 07:29:27.365  INFO 15344 --- [    Test worker] trationDelegate$BeanPostProcessorChecker : Bean 'org.springframework.transaction.annotation.ProxyTransactionManagementConfiguration' of type [org.springframework.transaction.annotation.ProxyTransactionManagementConfiguration$$EnhancerBySpringCGLIB$$8a1d87b5] is not eligible for getting processed by all BeanPostProcessors (for example: not eligible for auto-proxying)
2023-03-19 07:29:27.665  INFO 15344 --- [    Test worker] o.s.b.w.embedded.tomcat.TomcatWebServer  : Tomcat initialized with port(s): 0 (http)
2023-03-19 07:29:27.684  INFO 15344 --- [    Test worker] o.apache.catalina.core.StandardService   : Starting service [Tomcat]
2023-03-19 07:29:27.685  INFO 15344 --- [    Test worker] org.apache.catalina.core.StandardEngine  : Starting Servlet engine: [Apache Tomcat/9.0.22]
2023-03-19 07:29:27.785  INFO 15344 --- [    Test worker] o.a.c.c.C.[Tomcat].[localhost].[/]       : Initializing Spring embedded WebApplicationContext
2023-03-19 07:29:27.785  INFO 15344 --- [    Test worker] o.s.web.context.ContextLoader            : Root WebApplicationContext: initialization completed in 1321 ms
2023-03-19 07:29:27.976  INFO 15344 --- [    Test worker] com.zaxxer.hikari.HikariDataSource       : HikariPool-1 - Starting...
2023-03-19 07:29:28.115  INFO 15344 --- [    Test worker] com.zaxxer.hikari.HikariDataSource       : HikariPool-1 - Start completed.
2023-03-19 07:29:28.186  INFO 15344 --- [    Test worker] o.hibernate.jpa.internal.util.LogHelper  : HHH000204: Processing PersistenceUnitInfo [
	name: default
	...]
2023-03-19 07:29:28.246  INFO 15344 --- [    Test worker] org.hibernate.Version                    : HHH000412: Hibernate Core {5.3.10.Final}
2023-03-19 07:29:28.247  INFO 15344 --- [    Test worker] org.hibernate.cfg.Environment            : HHH000206: hibernate.properties not found
2023-03-19 07:29:28.381  INFO 15344 --- [    Test worker] o.hibernate.annotations.common.Version   : HCANN000001: Hibernate Commons Annotations {5.0.4.Final}
2023-03-19 07:29:28.517  INFO 15344 --- [    Test worker] org.hibernate.dialect.Dialect            : HHH000400: Using dialect: org.hibernate.dialect.MySQL5InnoDBDialect
Hibernate: drop table if exists posts
Hibernate: drop table if exists user
Hibernate: create table posts (id bigint not null auto_increment, created_date datetime, modified_date datetime, author varchar(255), content TEXT not null, title varchar(500) not null, primary key (id)) engine=InnoDB
Hibernate: create table user (id bigint not null auto_increment, created_date datetime, modified_date datetime, email varchar(255) not null, name varchar(255) not null, picture varchar(255), role varchar(255) not null, primary key (id)) engine=InnoDB
2023-03-19 07:29:29.075  INFO 15344 --- [    Test worker] o.h.t.schema.internal.SchemaCreatorImpl  : HHH000476: Executing import script 'org.hibernate.tool.schema.internal.exec.ScriptSourceInputNonExistentImpl@22ca1242'
2023-03-19 07:29:29.078  INFO 15344 --- [    Test worker] j.LocalContainerEntityManagerFactoryBean : Initialized JPA EntityManagerFactory for persistence unit 'default'
2023-03-19 07:29:29.684  INFO 15344 --- [    Test worker] o.h.h.i.QueryTranslatorFactoryInitiator  : HHH000397: Using ASTQueryTranslatorFactory
2023-03-19 07:29:30.020  INFO 15344 --- [    Test worker] o.s.s.web.DefaultSecurityFilterChain     : Creating filter chain: any request, [org.springframework.security.web.context.request.async.WebAsyncManagerIntegrationFilter@3b347439, org.springframework.security.web.context.SecurityContextPersistenceFilter@1c411474, org.springframework.security.web.header.HeaderWriterFilter@43d6262c, org.springframework.security.web.authentication.logout.LogoutFilter@2c0fefac, org.springframework.security.oauth2.client.web.OAuth2AuthorizationRequestRedirectFilter@63eea8c4, org.springframework.security.oauth2.client.web.OAuth2LoginAuthenticationFilter@71285693, org.springframework.security.web.savedrequest.RequestCacheAwareFilter@152891f8, org.springframework.security.web.servletapi.SecurityContextHolderAwareRequestFilter@41bd6a0f, org.springframework.security.web.authentication.AnonymousAuthenticationFilter@5d3634c8, org.springframework.security.web.session.SessionManagementFilter@38cf4497, org.springframework.security.web.access.ExceptionTranslationFilter@131d977f, org.springframework.security.web.access.intercept.FilterSecurityInterceptor@32dbca45]
2023-03-19 07:29:30.272  INFO 15344 --- [    Test worker] o.s.s.concurrent.ThreadPoolTaskExecutor  : Initializing ExecutorService 'applicationTaskExecutor'
2023-03-19 07:29:30.315  WARN 15344 --- [    Test worker] aWebConfiguration$JpaWebMvcConfiguration : spring.jpa.open-in-view is enabled by default. Therefore, database queries may be performed during view rendering. Explicitly configure spring.jpa.open-in-view to disable this warning
2023-03-19 07:29:30.351  INFO 15344 --- [    Test worker] o.s.b.a.w.s.WelcomePageHandlerMapping    : Adding welcome page template: index
2023-03-19 07:29:30.619  INFO 15344 --- [    Test worker] s.a.ScheduledAnnotationBeanPostProcessor : No TaskScheduler/ScheduledExecutorService bean found for scheduled processing
2023-03-19 07:29:30.641  INFO 15344 --- [    Test worker] o.s.b.w.embedded.tomcat.TomcatWebServer  : Tomcat started on port(s): 57870 (http) with context path ''
2023-03-19 07:29:30.643  INFO 15344 --- [    Test worker] c.r.reservation.web.IndexControllerTest  : Started IndexControllerTest in 4.372 seconds (JVM running for 5.135)
2023-03-19 07:29:30.753  INFO 15344 --- [o-auto-1-exec-1] o.a.c.c.C.[Tomcat].[localhost].[/]       : Initializing Spring DispatcherServlet 'dispatcherServlet'
2023-03-19 07:29:30.755  INFO 15344 --- [o-auto-1-exec-1] o.s.web.servlet.DispatcherServlet        : Initializing Servlet 'dispatcherServlet'
2023-03-19 07:29:30.768  INFO 15344 --- [o-auto-1-exec-1] o.s.web.servlet.DispatcherServlet        : Completed initialization in 13 ms
Hibernate: select posts0_.id as id1_0_, posts0_.created_date as created_2_0_, posts0_.modified_date as modified3_0_, posts0_.author as author4_0_, posts0_.content as content5_0_, posts0_.title as title6_0_ from posts posts0_ order by posts0_.id DESC
]]></system-out>
  <system-err><![CDATA[]]></system-err>
</testsuite>
