<?xml version="1.0" encoding="UTF-8"?>
<testsuite name="com.room.reservation.repository.RoomRepositoryTests" tests="4" skipped="0" failures="0" errors="0" timestamp="2023-04-04T21:23:20" hostname="DESKTOP-G32OBQ8" time="0.34">
  <properties/>
  <testcase name="updateTest()" classname="com.room.reservation.repository.RoomRepositoryTests" time="0.029"/>
  <testcase name="insertDummies()" classname="com.room.reservation.repository.RoomRepositoryTests" time="0.008"/>
  <testcase name="testQuery1()" classname="com.room.reservation.repository.RoomRepositoryTests" time="0.237"/>
  <testcase name="testQuery2()" classname="com.room.reservation.repository.RoomRepositoryTests" time="0.064"/>
  <system-out><![CDATA[2023-04-05T06:23:20.911+09:00  INFO 1760 --- [    Test worker] t.c.s.AnnotationConfigContextLoaderUtils : Could not detect default configuration classes for test class [com.room.reservation.repository.RoomRepositoryTests]: RoomRepositoryTests does not declare any static, non-private, non-final, nested classes annotated with @Configuration.
2023-04-05T06:23:20.913+09:00  INFO 1760 --- [    Test worker] .b.t.c.SpringBootTestContextBootstrapper : Found @SpringBootConfiguration com.room.reservation.Application for test class com.room.reservation.repository.RoomRepositoryTests
Hibernate: insert into room (gno, content, moddate, regdate, title, writer) values (default, ?, ?, ?, ?, ?)
Room(gno=25, title=Title...1, content=Content...1, writer=user1)
Hibernate: insert into room (gno, content, moddate, regdate, title, writer) values (default, ?, ?, ?, ?, ?)
Room(gno=26, title=Title...2, content=Content...2, writer=user2)
Hibernate: insert into room (gno, content, moddate, regdate, title, writer) values (default, ?, ?, ?, ?, ?)
Room(gno=27, title=Title...3, content=Content...3, writer=user3)
Hibernate: insert into room (gno, content, moddate, regdate, title, writer) values (default, ?, ?, ?, ?, ?)
Room(gno=28, title=Title...4, content=Content...4, writer=user4)
Hibernate: insert into room (gno, content, moddate, regdate, title, writer) values (default, ?, ?, ?, ?, ?)
Room(gno=29, title=Title...5, content=Content...5, writer=user5)
Hibernate: insert into room (gno, content, moddate, regdate, title, writer) values (default, ?, ?, ?, ?, ?)
Room(gno=30, title=Title...6, content=Content...6, writer=user6)
Hibernate: insert into room (gno, content, moddate, regdate, title, writer) values (default, ?, ?, ?, ?, ?)
Room(gno=31, title=Title...7, content=Content...7, writer=user7)
Hibernate: insert into room (gno, content, moddate, regdate, title, writer) values (default, ?, ?, ?, ?, ?)
Room(gno=32, title=Title...8, content=Content...8, writer=user8)
Hibernate: insert into room (gno, content, moddate, regdate, title, writer) values (default, ?, ?, ?, ?, ?)
Room(gno=33, title=Title...9, content=Content...9, writer=user9)
Hibernate: insert into room (gno, content, moddate, regdate, title, writer) values (default, ?, ?, ?, ?, ?)
Room(gno=34, title=Title...10, content=Content...10, writer=user0)
Hibernate: insert into room (gno, content, moddate, regdate, title, writer) values (default, ?, ?, ?, ?, ?)
Room(gno=35, title=Title...11, content=Content...11, writer=user1)
Hibernate: insert into room (gno, content, moddate, regdate, title, writer) values (default, ?, ?, ?, ?, ?)
Room(gno=36, title=Title...12, content=Content...12, writer=user2)
Hibernate: insert into room (gno, content, moddate, regdate, title, writer) values (default, ?, ?, ?, ?, ?)
Room(gno=37, title=Title...13, content=Content...13, writer=user3)
Hibernate: insert into room (gno, content, moddate, regdate, title, writer) values (default, ?, ?, ?, ?, ?)
Room(gno=38, title=Title...14, content=Content...14, writer=user4)
Hibernate: insert into room (gno, content, moddate, regdate, title, writer) values (default, ?, ?, ?, ?, ?)
Room(gno=39, title=Title...15, content=Content...15, writer=user5)
Hibernate: insert into room (gno, content, moddate, regdate, title, writer) values (default, ?, ?, ?, ?, ?)
Room(gno=40, title=Title...16, content=Content...16, writer=user6)
Hibernate: insert into room (gno, content, moddate, regdate, title, writer) values (default, ?, ?, ?, ?, ?)
Room(gno=41, title=Title...17, content=Content...17, writer=user7)
Hibernate: insert into room (gno, content, moddate, regdate, title, writer) values (default, ?, ?, ?, ?, ?)
Room(gno=42, title=Title...18, content=Content...18, writer=user8)
Hibernate: insert into room (gno, content, moddate, regdate, title, writer) values (default, ?, ?, ?, ?, ?)
Room(gno=43, title=Title...19, content=Content...19, writer=user9)
Hibernate: insert into room (gno, content, moddate, regdate, title, writer) values (default, ?, ?, ?, ?, ?)
Room(gno=44, title=Title...20, content=Content...20, writer=user0)
Hibernate: select r1_0.gno,r1_0.content,r1_0.moddate,r1_0.regdate,r1_0.title,r1_0.writer from room r1_0
Hibernate: select r1_0.gno,r1_0.content,r1_0.moddate,r1_0.regdate,r1_0.title,r1_0.writer from room r1_0 where r1_0.gno=?
Hibernate: select r1_0.gno,r1_0.content,r1_0.moddate,r1_0.regdate,r1_0.title,r1_0.writer from room r1_0 where r1_0.gno=?
Hibernate: update room set content=?, moddate=?, title=?, writer=? where gno=?
Hibernate: select r1_0.gno,r1_0.content,r1_0.moddate,r1_0.regdate,r1_0.title,r1_0.writer from room r1_0 where r1_0.gno=?
>>>>>>>>>>> CreateDate=2023-04-05T06:23:20.219798 ModdAte2023-04-05T06:23:20.938452
Hibernate: insert into room (gno, content, moddate, regdate, title, writer) values (default, ?, ?, ?, ?, ?)
Room(gno=45, title=Title...1, content=Content ... 1, writer=user1)
Hibernate: insert into room (gno, content, moddate, regdate, title, writer) values (default, ?, ?, ?, ?, ?)
Room(gno=46, title=Title...2, content=Content ... 2, writer=user2)
Hibernate: insert into room (gno, content, moddate, regdate, title, writer) values (default, ?, ?, ?, ?, ?)
Room(gno=47, title=Title...3, content=Content ... 3, writer=user3)
Hibernate: insert into room (gno, content, moddate, regdate, title, writer) values (default, ?, ?, ?, ?, ?)
Room(gno=48, title=Title...4, content=Content ... 4, writer=user4)
Hibernate: insert into room (gno, content, moddate, regdate, title, writer) values (default, ?, ?, ?, ?, ?)
Room(gno=49, title=Title...5, content=Content ... 5, writer=user5)
Hibernate: insert into room (gno, content, moddate, regdate, title, writer) values (default, ?, ?, ?, ?, ?)
Room(gno=50, title=Title...6, content=Content ... 6, writer=user6)
Hibernate: insert into room (gno, content, moddate, regdate, title, writer) values (default, ?, ?, ?, ?, ?)
Room(gno=51, title=Title...7, content=Content ... 7, writer=user7)
Hibernate: insert into room (gno, content, moddate, regdate, title, writer) values (default, ?, ?, ?, ?, ?)
Room(gno=52, title=Title...8, content=Content ... 8, writer=user8)
Hibernate: insert into room (gno, content, moddate, regdate, title, writer) values (default, ?, ?, ?, ?, ?)
Room(gno=53, title=Title...9, content=Content ... 9, writer=user9)
Hibernate: insert into room (gno, content, moddate, regdate, title, writer) values (default, ?, ?, ?, ?, ?)
Room(gno=54, title=Title...10, content=Content ... 10, writer=user0)
Hibernate: insert into room (gno, content, moddate, regdate, title, writer) values (default, ?, ?, ?, ?, ?)
Room(gno=55, title=Title..1, content=Content...1, writer=user...1)
Hibernate: insert into room (gno, content, moddate, regdate, title, writer) values (default, ?, ?, ?, ?, ?)
Room(gno=56, title=Title..2, content=Content...2, writer=user...2)
Hibernate: insert into room (gno, content, moddate, regdate, title, writer) values (default, ?, ?, ?, ?, ?)
Room(gno=57, title=Title..3, content=Content...3, writer=user...3)
Hibernate: insert into room (gno, content, moddate, regdate, title, writer) values (default, ?, ?, ?, ?, ?)
Room(gno=58, title=Title..4, content=Content...4, writer=user...4)
Hibernate: insert into room (gno, content, moddate, regdate, title, writer) values (default, ?, ?, ?, ?, ?)
Room(gno=59, title=Title..5, content=Content...5, writer=user...5)
Hibernate: insert into room (gno, content, moddate, regdate, title, writer) values (default, ?, ?, ?, ?, ?)
Room(gno=60, title=Title..6, content=Content...6, writer=user...6)
Hibernate: insert into room (gno, content, moddate, regdate, title, writer) values (default, ?, ?, ?, ?, ?)
Room(gno=61, title=Title..7, content=Content...7, writer=user...7)
Hibernate: insert into room (gno, content, moddate, regdate, title, writer) values (default, ?, ?, ?, ?, ?)
Room(gno=62, title=Title..8, content=Content...8, writer=user...8)
Hibernate: insert into room (gno, content, moddate, regdate, title, writer) values (default, ?, ?, ?, ?, ?)
Room(gno=63, title=Title..9, content=Content...9, writer=user...9)
Hibernate: insert into room (gno, content, moddate, regdate, title, writer) values (default, ?, ?, ?, ?, ?)
Room(gno=64, title=Title..10, content=Content...10, writer=user...10)
Hibernate: insert into room (gno, content, moddate, regdate, title, writer) values (default, ?, ?, ?, ?, ?)
Room(gno=65, title=Title..11, content=Content...11, writer=user...11)
Hibernate: insert into room (gno, content, moddate, regdate, title, writer) values (default, ?, ?, ?, ?, ?)
Room(gno=66, title=Title..12, content=Content...12, writer=user...12)
Hibernate: insert into room (gno, content, moddate, regdate, title, writer) values (default, ?, ?, ?, ?, ?)
Room(gno=67, title=Title..13, content=Content...13, writer=user...13)
Hibernate: insert into room (gno, content, moddate, regdate, title, writer) values (default, ?, ?, ?, ?, ?)
Room(gno=68, title=Title..14, content=Content...14, writer=user...14)
Hibernate: insert into room (gno, content, moddate, regdate, title, writer) values (default, ?, ?, ?, ?, ?)
Room(gno=69, title=Title..15, content=Content...15, writer=user...15)
Hibernate: insert into room (gno, content, moddate, regdate, title, writer) values (default, ?, ?, ?, ?, ?)
Room(gno=70, title=Title..16, content=Content...16, writer=user...16)
Hibernate: insert into room (gno, content, moddate, regdate, title, writer) values (default, ?, ?, ?, ?, ?)
Room(gno=71, title=Title..17, content=Content...17, writer=user...17)
Hibernate: insert into room (gno, content, moddate, regdate, title, writer) values (default, ?, ?, ?, ?, ?)
Room(gno=72, title=Title..18, content=Content...18, writer=user...18)
Hibernate: insert into room (gno, content, moddate, regdate, title, writer) values (default, ?, ?, ?, ?, ?)
Room(gno=73, title=Title..19, content=Content...19, writer=user...19)
Hibernate: insert into room (gno, content, moddate, regdate, title, writer) values (default, ?, ?, ?, ?, ?)
Room(gno=74, title=Title..20, content=Content...20, writer=user...20)
Hibernate: insert into room (gno, content, moddate, regdate, title, writer) values (default, ?, ?, ?, ?, ?)
Room(gno=75, title=Title..21, content=Content...21, writer=user...21)
Hibernate: insert into room (gno, content, moddate, regdate, title, writer) values (default, ?, ?, ?, ?, ?)
Room(gno=76, title=Title..22, content=Content...22, writer=user...22)
Hibernate: insert into room (gno, content, moddate, regdate, title, writer) values (default, ?, ?, ?, ?, ?)
Room(gno=77, title=Title..23, content=Content...23, writer=user...23)
Hibernate: insert into room (gno, content, moddate, regdate, title, writer) values (default, ?, ?, ?, ?, ?)
Room(gno=78, title=Title..24, content=Content...24, writer=user...24)
Hibernate: insert into room (gno, content, moddate, regdate, title, writer) values (default, ?, ?, ?, ?, ?)
Room(gno=79, title=Title..25, content=Content...25, writer=user...25)
Hibernate: insert into room (gno, content, moddate, regdate, title, writer) values (default, ?, ?, ?, ?, ?)
Room(gno=80, title=Title..26, content=Content...26, writer=user...26)
Hibernate: insert into room (gno, content, moddate, regdate, title, writer) values (default, ?, ?, ?, ?, ?)
Room(gno=81, title=Title..27, content=Content...27, writer=user...27)
Hibernate: insert into room (gno, content, moddate, regdate, title, writer) values (default, ?, ?, ?, ?, ?)
Room(gno=82, title=Title..28, content=Content...28, writer=user...28)
Hibernate: insert into room (gno, content, moddate, regdate, title, writer) values (default, ?, ?, ?, ?, ?)
Room(gno=83, title=Title..29, content=Content...29, writer=user...29)
Hibernate: insert into room (gno, content, moddate, regdate, title, writer) values (default, ?, ?, ?, ?, ?)
Room(gno=84, title=Title..30, content=Content...30, writer=user...30)
Hibernate: select r1_0.gno,r1_0.content,r1_0.moddate,r1_0.regdate,r1_0.title,r1_0.writer from room r1_0 where r1_0.title like ? escape '!' order by r1_0.gno desc offset ? rows fetch first ? rows only
Hibernate: select count(r1_0.gno) from room r1_0 where r1_0.title like ? escape '!'
Room(gno=75, title=Title..21, content=Content...21, writer=user...21)
Room(gno=73, title=Title..19, content=Content...19, writer=user...19)
Room(gno=72, title=Title..18, content=Content...18, writer=user...18)
Room(gno=71, title=Title..17, content=Content...17, writer=user...17)
Room(gno=70, title=Title..16, content=Content...16, writer=user...16)
Room(gno=69, title=Title..15, content=Content...15, writer=user...15)
Room(gno=68, title=Title..14, content=Content...14, writer=user...14)
Room(gno=67, title=Title..13, content=Content...13, writer=user...13)
Room(gno=66, title=Title..12, content=Content...12, writer=user...12)
Room(gno=65, title=Title..11, content=Content...11, writer=user...11)
Hibernate: insert into room (gno, content, moddate, regdate, title, writer) values (default, ?, ?, ?, ?, ?)
Room(gno=85, title=Title..1, content=Content...1, writer=user...1)
Hibernate: insert into room (gno, content, moddate, regdate, title, writer) values (default, ?, ?, ?, ?, ?)
Room(gno=86, title=Title..2, content=Content...2, writer=user...2)
Hibernate: insert into room (gno, content, moddate, regdate, title, writer) values (default, ?, ?, ?, ?, ?)
Room(gno=87, title=Title..3, content=Content...3, writer=user...3)
Hibernate: insert into room (gno, content, moddate, regdate, title, writer) values (default, ?, ?, ?, ?, ?)
Room(gno=88, title=Title..4, content=Content...4, writer=user...4)
Hibernate: insert into room (gno, content, moddate, regdate, title, writer) values (default, ?, ?, ?, ?, ?)
Room(gno=89, title=Title..5, content=Content...5, writer=user...5)
Hibernate: insert into room (gno, content, moddate, regdate, title, writer) values (default, ?, ?, ?, ?, ?)
Room(gno=90, title=Title..6, content=Content...6, writer=user...6)
Hibernate: insert into room (gno, content, moddate, regdate, title, writer) values (default, ?, ?, ?, ?, ?)
Room(gno=91, title=Title..7, content=Content...7, writer=user...7)
Hibernate: insert into room (gno, content, moddate, regdate, title, writer) values (default, ?, ?, ?, ?, ?)
Room(gno=92, title=Title..8, content=Content...8, writer=user...8)
Hibernate: insert into room (gno, content, moddate, regdate, title, writer) values (default, ?, ?, ?, ?, ?)
Room(gno=93, title=Title..9, content=Content...9, writer=user...9)
Hibernate: insert into room (gno, content, moddate, regdate, title, writer) values (default, ?, ?, ?, ?, ?)
Room(gno=94, title=Title..10, content=Content...10, writer=user...10)
Hibernate: insert into room (gno, content, moddate, regdate, title, writer) values (default, ?, ?, ?, ?, ?)
Room(gno=95, title=Title..11, content=Content...11, writer=user...11)
Hibernate: insert into room (gno, content, moddate, regdate, title, writer) values (default, ?, ?, ?, ?, ?)
Room(gno=96, title=Title..12, content=Content...12, writer=user...12)
Hibernate: insert into room (gno, content, moddate, regdate, title, writer) values (default, ?, ?, ?, ?, ?)
Room(gno=97, title=Title..13, content=Content...13, writer=user...13)
Hibernate: insert into room (gno, content, moddate, regdate, title, writer) values (default, ?, ?, ?, ?, ?)
Room(gno=98, title=Title..14, content=Content...14, writer=user...14)
Hibernate: insert into room (gno, content, moddate, regdate, title, writer) values (default, ?, ?, ?, ?, ?)
Room(gno=99, title=Title..15, content=Content...15, writer=user...15)
Hibernate: insert into room (gno, content, moddate, regdate, title, writer) values (default, ?, ?, ?, ?, ?)
Room(gno=100, title=Title..16, content=Content...16, writer=user...16)
Hibernate: insert into room (gno, content, moddate, regdate, title, writer) values (default, ?, ?, ?, ?, ?)
Room(gno=101, title=Title..17, content=Content...17, writer=user...17)
Hibernate: insert into room (gno, content, moddate, regdate, title, writer) values (default, ?, ?, ?, ?, ?)
Room(gno=102, title=Title..18, content=Content...18, writer=user...18)
Hibernate: insert into room (gno, content, moddate, regdate, title, writer) values (default, ?, ?, ?, ?, ?)
Room(gno=103, title=Title..19, content=Content...19, writer=user...19)
Hibernate: insert into room (gno, content, moddate, regdate, title, writer) values (default, ?, ?, ?, ?, ?)
Room(gno=104, title=Title..20, content=Content...20, writer=user...20)
Hibernate: insert into room (gno, content, moddate, regdate, title, writer) values (default, ?, ?, ?, ?, ?)
Room(gno=105, title=Title..21, content=Content...21, writer=user...21)
Hibernate: insert into room (gno, content, moddate, regdate, title, writer) values (default, ?, ?, ?, ?, ?)
Room(gno=106, title=Title..22, content=Content...22, writer=user...22)
Hibernate: insert into room (gno, content, moddate, regdate, title, writer) values (default, ?, ?, ?, ?, ?)
Room(gno=107, title=Title..23, content=Content...23, writer=user...23)
Hibernate: insert into room (gno, content, moddate, regdate, title, writer) values (default, ?, ?, ?, ?, ?)
Room(gno=108, title=Title..24, content=Content...24, writer=user...24)
Hibernate: insert into room (gno, content, moddate, regdate, title, writer) values (default, ?, ?, ?, ?, ?)
Room(gno=109, title=Title..25, content=Content...25, writer=user...25)
Hibernate: insert into room (gno, content, moddate, regdate, title, writer) values (default, ?, ?, ?, ?, ?)
Room(gno=110, title=Title..26, content=Content...26, writer=user...26)
Hibernate: insert into room (gno, content, moddate, regdate, title, writer) values (default, ?, ?, ?, ?, ?)
Room(gno=111, title=Title..27, content=Content...27, writer=user...27)
Hibernate: insert into room (gno, content, moddate, regdate, title, writer) values (default, ?, ?, ?, ?, ?)
Room(gno=112, title=Title..28, content=Content...28, writer=user...28)
Hibernate: insert into room (gno, content, moddate, regdate, title, writer) values (default, ?, ?, ?, ?, ?)
Room(gno=113, title=Title..29, content=Content...29, writer=user...29)
Hibernate: insert into room (gno, content, moddate, regdate, title, writer) values (default, ?, ?, ?, ?, ?)
Room(gno=114, title=Title..30, content=Content...30, writer=user...30)
Hibernate: select r1_0.gno,r1_0.content,r1_0.moddate,r1_0.regdate,r1_0.title,r1_0.writer from room r1_0 where (r1_0.title like ? escape '!' or r1_0.content like ? escape '!') and r1_0.gno>? order by r1_0.gno desc offset ? rows fetch first ? rows only
Hibernate: select count(r1_0.gno) from room r1_0 where (r1_0.title like ? escape '!' or r1_0.content like ? escape '!') and r1_0.gno>?
Room(gno=105, title=Title..21, content=Content...21, writer=user...21)
Room(gno=103, title=Title..19, content=Content...19, writer=user...19)
Room(gno=102, title=Title..18, content=Content...18, writer=user...18)
Room(gno=101, title=Title..17, content=Content...17, writer=user...17)
Room(gno=100, title=Title..16, content=Content...16, writer=user...16)
Room(gno=99, title=Title..15, content=Content...15, writer=user...15)
Room(gno=98, title=Title..14, content=Content...14, writer=user...14)
Room(gno=97, title=Title..13, content=Content...13, writer=user...13)
Room(gno=96, title=Title..12, content=Content...12, writer=user...12)
Room(gno=95, title=Title..11, content=Content...11, writer=user...11)
]]></system-out>
  <system-err><![CDATA[]]></system-err>
</testsuite>
