<?xml version="1.0" encoding="UTF-8"?>
<testsuite name="com.room.reservation.repository.MemberRepositoryTests" tests="2" skipped="0" failures="0" errors="0" timestamp="2023-05-01T12:59:03" hostname="DESKTOP-G32OBQ8" time="0.03">
  <properties/>
  <testcase name="testDeleteMember()" classname="com.room.reservation.repository.MemberRepositoryTests" time="0.009"/>
  <testcase name="insertMembers()" classname="com.room.reservation.repository.MemberRepositoryTests" time="0.019"/>
  <system-out><![CDATA[2023-05-01T21:59:03.672+09:00  INFO 25236 --- [    Test worker] t.c.s.AnnotationConfigContextLoaderUtils : Could not detect default configuration classes for test class [com.room.reservation.repository.MemberRepositoryTests]: MemberRepositoryTests does not declare any static, non-private, non-final, nested classes annotated with @Configuration.
2023-05-01T21:59:03.682+09:00  INFO 25236 --- [    Test worker] .b.t.c.SpringBootTestContextBootstrapper : Found @SpringBootConfiguration com.room.reservation.Application for test class com.room.reservation.repository.MemberRepositoryTests
Hibernate: insert into member (mno, email, moddate, nickname, pw, regdate) values (default, ?, ?, ?, ?, ?)
Hibernate: insert into member (mno, email, moddate, nickname, pw, regdate) values (default, ?, ?, ?, ?, ?)
Hibernate: insert into member (mno, email, moddate, nickname, pw, regdate) values (default, ?, ?, ?, ?, ?)
Hibernate: insert into member (mno, email, moddate, nickname, pw, regdate) values (default, ?, ?, ?, ?, ?)
Hibernate: insert into member (mno, email, moddate, nickname, pw, regdate) values (default, ?, ?, ?, ?, ?)
Hibernate: insert into member (mno, email, moddate, nickname, pw, regdate) values (default, ?, ?, ?, ?, ?)
Hibernate: insert into member (mno, email, moddate, nickname, pw, regdate) values (default, ?, ?, ?, ?, ?)
Hibernate: insert into member (mno, email, moddate, nickname, pw, regdate) values (default, ?, ?, ?, ?, ?)
Hibernate: insert into member (mno, email, moddate, nickname, pw, regdate) values (default, ?, ?, ?, ?, ?)
Hibernate: insert into member (mno, email, moddate, nickname, pw, regdate) values (default, ?, ?, ?, ?, ?)
Hibernate: insert into member (mno, email, moddate, nickname, pw, regdate) values (default, ?, ?, ?, ?, ?)
Hibernate: insert into member (mno, email, moddate, nickname, pw, regdate) values (default, ?, ?, ?, ?, ?)
Hibernate: insert into member (mno, email, moddate, nickname, pw, regdate) values (default, ?, ?, ?, ?, ?)
Hibernate: insert into member (mno, email, moddate, nickname, pw, regdate) values (default, ?, ?, ?, ?, ?)
Hibernate: insert into member (mno, email, moddate, nickname, pw, regdate) values (default, ?, ?, ?, ?, ?)
]]></system-out>
  <system-err><![CDATA[]]></system-err>
</testsuite>
