<?xml version="1.0" encoding="UTF-8"?>
<testsuite name="com.room.reservation.service.RoomServiceTests" tests="6" skipped="0" failures="0" errors="0" timestamp="2023-05-01T12:59:04" hostname="DESKTOP-G32OBQ8" time="0.073">
  <properties/>
  <testcase name="testGet()" classname="com.room.reservation.service.RoomServiceTests" time="0.016"/>
  <testcase name="testList()" classname="com.room.reservation.service.RoomServiceTests" time="0.02"/>
  <testcase name="testRegister()" classname="com.room.reservation.service.RoomServiceTests" time="0.005"/>
  <testcase name="testModify()" classname="com.room.reservation.service.RoomServiceTests" time="0.006"/>
  <testcase name="testRemove()" classname="com.room.reservation.service.RoomServiceTests" time="0.002"/>
  <testcase name="testSearch()" classname="com.room.reservation.service.RoomServiceTests" time="0.02"/>
  <system-out><![CDATA[2023-05-01T21:59:04.429+09:00  INFO 25236 --- [    Test worker] t.c.s.AnnotationConfigContextLoaderUtils : Could not detect default configuration classes for test class [com.room.reservation.service.RoomServiceTests]: RoomServiceTests does not declare any static, non-private, non-final, nested classes annotated with @Configuration.
2023-05-01T21:59:04.431+09:00  INFO 25236 --- [    Test worker] .b.t.c.SpringBootTestContextBootstrapper : Found @SpringBootConfiguration com.room.reservation.Application for test class com.room.reservation.service.RoomServiceTests
Hibernate: select r1_0.rno,r1_0.content,r1_0.moddate,r1_0.regdate,r1_0.reply_count,r1_0.title,r1_0.writer_mno,w1_0.mno,w1_0.email,w1_0.moddate,w1_0.nickname,w1_0.pw,w1_0.regdate,count(r2_0.replyno) from room r1_0 left join member w1_0 on w1_0.mno=r1_0.writer_mno left join reply r2_0 on r2_0.room_rno=r1_0.rno where r1_0.rno=?
RoomDTO(rno=5, title=Title...5, content=Content...5, writerMno=5, writerEmail=r5@hello.com, writerName=reviewer5, regDate=2023-05-01T21:59:03.305356, modDate=2023-05-01T21:59:03.305356, replyCount=3)
2023-05-01T21:59:04.455+09:00  INFO 25236 --- [    Test worker] c.r.reservation.service.RoomServiceImpl  : PageRequestDTO(page=1, size=10, type=null, keyword=null)
2023-05-01T21:59:04.456+09:00  INFO 25236 --- [    Test worker] c.r.r.r.room.RoomQueryDslRepositoryImpl  : searchPage..........
Hibernate: select r1_0.rno,r1_0.content,r1_0.moddate,r1_0.regdate,r1_0.reply_count,r1_0.title,r1_0.writer_mno,m1_0.mno,m1_0.email,m1_0.moddate,m1_0.nickname,m1_0.pw,m1_0.regdate,count(r2_0.replyno) from room r1_0 left join member m1_0 on r1_0.writer_mno=m1_0.mno left join reply r2_0 on r2_0.room_rno=r1_0.rno where r1_0.rno>? group by r1_0.rno,r1_0.content,r1_0.moddate,r1_0.regdate,r1_0.reply_count,r1_0.title,r1_0.writer_mno order by r1_0.rno desc offset ? rows fetch first ? rows only
2023-05-01T21:59:04.463+09:00  INFO 25236 --- [    Test worker] c.r.r.r.room.RoomQueryDslRepositoryImpl  : [[Room(rno=30, title=Title...15, content=Content...15, replyCount=0), Member(mno=15, email=r15@hello.com, pw=1111, nickname=reviewer15), 0], [Room(rno=29, title=Title...14, content=Content...14, replyCount=0), Member(mno=14, email=r14@hello.com, pw=1111, nickname=reviewer14), 0], [Room(rno=28, title=Title...13, content=Content...13, replyCount=0), Member(mno=13, email=r13@hello.com, pw=1111, nickname=reviewer13), 0], [Room(rno=27, title=Title...12, content=Content...12, replyCount=0), Member(mno=12, email=r12@hello.com, pw=1111, nickname=reviewer12), 0], [Room(rno=26, title=Title...11, content=Content...11, replyCount=0), Member(mno=11, email=r11@hello.com, pw=1111, nickname=reviewer11), 0], [Room(rno=25, title=Title...10, content=Content...10, replyCount=0), Member(mno=10, email=r10@hello.com, pw=1111, nickname=reviewer10), 0], [Room(rno=24, title=Title...9, content=Content...9, replyCount=0), Member(mno=9, email=r9@hello.com, pw=1111, nickname=reviewer9), 0], [Room(rno=23, title=Title...8, content=Content...8, replyCount=0), Member(mno=8, email=r8@hello.com, pw=1111, nickname=reviewer8), 0], [Room(rno=22, title=Title...7, content=Content...7, replyCount=0), Member(mno=7, email=r7@hello.com, pw=1111, nickname=reviewer7), 0], [Room(rno=21, title=Title...6, content=Content...6, replyCount=0), Member(mno=6, email=r6@hello.com, pw=1111, nickname=reviewer6), 0]]
Hibernate: select count(distinct r1_0.rno) from room r1_0 left join member m1_0 on r1_0.writer_mno=m1_0.mno left join reply r2_0 on r2_0.room_rno=r1_0.rno where r1_0.rno>?
2023-05-01T21:59:04.467+09:00  INFO 25236 --- [    Test worker] c.r.r.r.room.RoomQueryDslRepositoryImpl  : COUNT: 30
RoomDTO(rno=30, title=Title...15, content=Content...15, writerMno=15, writerEmail=r15@hello.com, writerName=reviewer15, regDate=2023-05-01T21:59:04.164641, modDate=2023-05-01T21:59:04.164641, replyCount=0)
RoomDTO(rno=29, title=Title...14, content=Content...14, writerMno=14, writerEmail=r14@hello.com, writerName=reviewer14, regDate=2023-05-01T21:59:04.163641, modDate=2023-05-01T21:59:04.163641, replyCount=0)
RoomDTO(rno=28, title=Title...13, content=Content...13, writerMno=13, writerEmail=r13@hello.com, writerName=reviewer13, regDate=2023-05-01T21:59:04.162640, modDate=2023-05-01T21:59:04.162640, replyCount=0)
RoomDTO(rno=27, title=Title...12, content=Content...12, writerMno=12, writerEmail=r12@hello.com, writerName=reviewer12, regDate=2023-05-01T21:59:04.161639, modDate=2023-05-01T21:59:04.161639, replyCount=0)
RoomDTO(rno=26, title=Title...11, content=Content...11, writerMno=11, writerEmail=r11@hello.com, writerName=reviewer11, regDate=2023-05-01T21:59:04.160638, modDate=2023-05-01T21:59:04.160638, replyCount=0)
RoomDTO(rno=25, title=Title...10, content=Content...10, writerMno=10, writerEmail=r10@hello.com, writerName=reviewer10, regDate=2023-05-01T21:59:04.158737, modDate=2023-05-01T21:59:04.158737, replyCount=0)
RoomDTO(rno=24, title=Title...9, content=Content...9, writerMno=9, writerEmail=r9@hello.com, writerName=reviewer9, regDate=2023-05-01T21:59:04.153632, modDate=2023-05-01T21:59:04.153632, replyCount=0)
RoomDTO(rno=23, title=Title...8, content=Content...8, writerMno=8, writerEmail=r8@hello.com, writerName=reviewer8, regDate=2023-05-01T21:59:04.151631, modDate=2023-05-01T21:59:04.151631, replyCount=0)
RoomDTO(rno=22, title=Title...7, content=Content...7, writerMno=7, writerEmail=r7@hello.com, writerName=reviewer7, regDate=2023-05-01T21:59:04.150629, modDate=2023-05-01T21:59:04.150629, replyCount=0)
RoomDTO(rno=21, title=Title...6, content=Content...6, writerMno=6, writerEmail=r6@hello.com, writerName=reviewer6, regDate=2023-05-01T21:59:04.149628, modDate=2023-05-01T21:59:04.149628, replyCount=0)
2023-05-01T21:59:04.472+09:00  INFO 25236 --- [    Test worker] c.r.reservation.service.RoomServiceImpl  : DTO-----------
2023-05-01T21:59:04.472+09:00  INFO 25236 --- [    Test worker] c.r.reservation.service.RoomServiceImpl  : RoomDTO(rno=null, title=Sample TItle..., content=Sample Content ..., writerMno=3, writerEmail=null, writerName=null, regDate=null, modDate=null, replyCount=0)
2023-05-01T21:59:04.472+09:00  INFO 25236 --- [    Test worker] c.r.reservation.service.RoomServiceImpl  : Room(rno=null, title=Sample TItle..., content=Sample Content ..., replyCount=0)
Hibernate: insert into room (rno, content, moddate, regdate, reply_count, title, writer_mno) values (default, ?, ?, ?, ?, ?, ?)
Hibernate: select r1_0.rno,r1_0.content,r1_0.moddate,r1_0.regdate,r1_0.reply_count,r1_0.title,r1_0.writer_mno from room r1_0 where r1_0.rno=?
Hibernate: select r1_0.rno,r1_0.content,r1_0.moddate,r1_0.regdate,r1_0.reply_count,r1_0.title,r1_0.writer_mno from room r1_0 where r1_0.rno=?
Hibernate: update room set content=?, moddate=?, reply_count=?, title=?, writer_mno=? where rno=?
2023-05-01T21:59:04.488+09:00  INFO 25236 --- [    Test worker] c.r.reservation.service.RoomServiceImpl  : PageRequestDTO(page=1, size=10, type=tc, keyword=5)
2023-05-01T21:59:04.489+09:00  INFO 25236 --- [    Test worker] c.r.r.r.room.RoomQueryDslRepositoryImpl  : searchPage..........
Hibernate: select r1_0.rno,r1_0.content,r1_0.moddate,r1_0.regdate,r1_0.reply_count,r1_0.title,r1_0.writer_mno,m1_0.mno,m1_0.email,m1_0.moddate,m1_0.nickname,m1_0.pw,m1_0.regdate,count(r2_0.replyno) from room r1_0 left join member m1_0 on r1_0.writer_mno=m1_0.mno left join reply r2_0 on r2_0.room_rno=r1_0.rno where r1_0.rno>? and (r1_0.title like ? escape '!' or r1_0.content like ? escape '!') group by r1_0.rno,r1_0.content,r1_0.moddate,r1_0.regdate,r1_0.reply_count,r1_0.title,r1_0.writer_mno order by r1_0.rno desc offset ? rows fetch first ? rows only
2023-05-01T21:59:04.500+09:00  INFO 25236 --- [    Test worker] c.r.r.r.room.RoomQueryDslRepositoryImpl  : [[Room(rno=30, title=Title...15, content=Content...15, replyCount=0), Member(mno=15, email=r15@hello.com, pw=1111, nickname=reviewer15), 0], [Room(rno=20, title=Title...5, content=Content...5, replyCount=0), Member(mno=5, email=r5@hello.com, pw=1111, nickname=reviewer5), 0], [Room(rno=15, title=Title...15, content=Content...15, replyCount=0), Member(mno=15, email=r15@hello.com, pw=1111, nickname=reviewer15), 2]]
Hibernate: select count(distinct r1_0.rno) from room r1_0 left join member m1_0 on r1_0.writer_mno=m1_0.mno left join reply r2_0 on r2_0.room_rno=r1_0.rno where r1_0.rno>? and (r1_0.title like ? escape '!' or r1_0.content like ? escape '!')
2023-05-01T21:59:04.503+09:00  INFO 25236 --- [    Test worker] c.r.r.r.room.RoomQueryDslRepositoryImpl  : COUNT: 3
PREV: false
NEXT: false
TOTAL: 1
-----------------------------
RoomDTO(rno=30, title=Title...15, content=Content...15, writerMno=15, writerEmail=r15@hello.com, writerName=reviewer15, regDate=2023-05-01T21:59:04.164641, modDate=2023-05-01T21:59:04.164641, replyCount=0)
RoomDTO(rno=20, title=Title...5, content=Content...5, writerMno=5, writerEmail=r5@hello.com, writerName=reviewer5, regDate=2023-05-01T21:59:04.147626, modDate=2023-05-01T21:59:04.147626, replyCount=0)
RoomDTO(rno=15, title=Title...15, content=Content...15, writerMno=15, writerEmail=r15@hello.com, writerName=reviewer15, regDate=2023-05-01T21:59:03.352398, modDate=2023-05-01T21:59:03.352398, replyCount=2)
=============================
1
]]></system-out>
  <system-err><![CDATA[]]></system-err>
</testsuite>
