<?xml version="1.0" encoding="UTF-8"?>
<testsuite name="com.room.reservation.repository.ReviewRepositoryTests" tests="2" skipped="0" failures="0" errors="0" timestamp="2023-05-01T12:59:03" hostname="DESKTOP-G32OBQ8" time="0.044">
  <properties/>
  <testcase name="testGetRoomReviews()" classname="com.room.reservation.repository.ReviewRepositoryTests" time="0.024"/>
  <testcase name="insertRoomReviews()" classname="com.room.reservation.repository.ReviewRepositoryTests" time="0.018"/>
  <system-out><![CDATA[2023-05-01T21:59:03.883+09:00  INFO 25236 --- [    Test worker] t.c.s.AnnotationConfigContextLoaderUtils : Could not detect default configuration classes for test class [com.room.reservation.repository.ReviewRepositoryTests]: ReviewRepositoryTests does not declare any static, non-private, non-final, nested classes annotated with @Configuration.
2023-05-01T21:59:03.884+09:00  INFO 25236 --- [    Test worker] .b.t.c.SpringBootTestContextBootstrapper : Found @SpringBootConfiguration com.room.reservation.Application for test class com.room.reservation.repository.ReviewRepositoryTests
Hibernate: select r1_0.reviewnum,r1_0.grade,m1_0.mno,m1_0.email,m1_0.moddate,m1_0.nickname,m1_0.pw,m1_0.regdate,r1_0.room_rno,r1_0.text from review r1_0 left join member m1_0 on m1_0.mno=r1_0.member_mno where r1_0.room_rno=?
1
4
이 영화에 대한 느낌...1
r1@hello.com
----------------------
11
4
이 영화에 대한 느낌...11
r10@hello.com
----------------------
Hibernate: insert into review (reviewnum, grade, member_mno, room_rno, text) values (default, ?, ?, ?, ?)
Hibernate: insert into review (reviewnum, grade, member_mno, room_rno, text) values (default, ?, ?, ?, ?)
Hibernate: insert into review (reviewnum, grade, member_mno, room_rno, text) values (default, ?, ?, ?, ?)
Hibernate: insert into review (reviewnum, grade, member_mno, room_rno, text) values (default, ?, ?, ?, ?)
Hibernate: insert into review (reviewnum, grade, member_mno, room_rno, text) values (default, ?, ?, ?, ?)
Hibernate: insert into review (reviewnum, grade, member_mno, room_rno, text) values (default, ?, ?, ?, ?)
Hibernate: insert into review (reviewnum, grade, member_mno, room_rno, text) values (default, ?, ?, ?, ?)
Hibernate: insert into review (reviewnum, grade, member_mno, room_rno, text) values (default, ?, ?, ?, ?)
Hibernate: insert into review (reviewnum, grade, member_mno, room_rno, text) values (default, ?, ?, ?, ?)
Hibernate: insert into review (reviewnum, grade, member_mno, room_rno, text) values (default, ?, ?, ?, ?)
Hibernate: insert into review (reviewnum, grade, member_mno, room_rno, text) values (default, ?, ?, ?, ?)
Hibernate: insert into review (reviewnum, grade, member_mno, room_rno, text) values (default, ?, ?, ?, ?)
Hibernate: insert into review (reviewnum, grade, member_mno, room_rno, text) values (default, ?, ?, ?, ?)
Hibernate: insert into review (reviewnum, grade, member_mno, room_rno, text) values (default, ?, ?, ?, ?)
Hibernate: insert into review (reviewnum, grade, member_mno, room_rno, text) values (default, ?, ?, ?, ?)
Hibernate: insert into review (reviewnum, grade, member_mno, room_rno, text) values (default, ?, ?, ?, ?)
Hibernate: insert into review (reviewnum, grade, member_mno, room_rno, text) values (default, ?, ?, ?, ?)
Hibernate: insert into review (reviewnum, grade, member_mno, room_rno, text) values (default, ?, ?, ?, ?)
Hibernate: insert into review (reviewnum, grade, member_mno, room_rno, text) values (default, ?, ?, ?, ?)
Hibernate: insert into review (reviewnum, grade, member_mno, room_rno, text) values (default, ?, ?, ?, ?)
Hibernate: insert into review (reviewnum, grade, member_mno, room_rno, text) values (default, ?, ?, ?, ?)
Hibernate: insert into review (reviewnum, grade, member_mno, room_rno, text) values (default, ?, ?, ?, ?)
Hibernate: insert into review (reviewnum, grade, member_mno, room_rno, text) values (default, ?, ?, ?, ?)
]]></system-out>
  <system-err><![CDATA[]]></system-err>
</testsuite>
