<?xml version="1.0" encoding="UTF-8"?>
<testsuite name="com.room.reservation.repository.ReplyRepositoryTests" tests="3" skipped="0" failures="0" errors="0" timestamp="2023-05-01T12:59:03" hostname="DESKTOP-G32OBQ8" time="0.152">
  <properties/>
  <testcase name="testListByRoom()" classname="com.room.reservation.repository.ReplyRepositoryTests" time="0.124"/>
  <testcase name="readReply1()" classname="com.room.reservation.repository.ReplyRepositoryTests" time="0.003"/>
  <testcase name="insertReply()" classname="com.room.reservation.repository.ReplyRepositoryTests" time="0.022"/>
  <system-out><![CDATA[2023-05-01T21:59:03.720+09:00  INFO 25236 --- [    Test worker] t.c.s.AnnotationConfigContextLoaderUtils : Could not detect default configuration classes for test class [com.room.reservation.repository.ReplyRepositoryTests]: ReplyRepositoryTests does not declare any static, non-private, non-final, nested classes annotated with @Configuration.
2023-05-01T21:59:03.721+09:00  INFO 25236 --- [    Test worker] .b.t.c.SpringBootTestContextBootstrapper : Found @SpringBootConfiguration com.room.reservation.Application for test class com.room.reservation.repository.ReplyRepositoryTests
Hibernate: select r1_0.replyno,r1_0.moddate,r1_0.regdate,r1_0.replyer,r1_0.room_rno,r1_0.text from reply r1_0 where r1_0.room_rno=? order by r1_0.replyno asc
Reply(replyno=6, text=Reply....6, replyer=Guest)
Reply(replyno=12, text=Reply....12, replyer=Guest)
Reply(replyno=20, text=Reply....20, replyer=Guest)
Hibernate: insert into reply (replyno, moddate, regdate, replyer, room_rno, text) values (default, ?, ?, ?, ?, ?)
Hibernate: insert into reply (replyno, moddate, regdate, replyer, room_rno, text) values (default, ?, ?, ?, ?, ?)
Hibernate: insert into reply (replyno, moddate, regdate, replyer, room_rno, text) values (default, ?, ?, ?, ?, ?)
Hibernate: insert into reply (replyno, moddate, regdate, replyer, room_rno, text) values (default, ?, ?, ?, ?, ?)
Hibernate: insert into reply (replyno, moddate, regdate, replyer, room_rno, text) values (default, ?, ?, ?, ?, ?)
Hibernate: insert into reply (replyno, moddate, regdate, replyer, room_rno, text) values (default, ?, ?, ?, ?, ?)
Hibernate: insert into reply (replyno, moddate, regdate, replyer, room_rno, text) values (default, ?, ?, ?, ?, ?)
Hibernate: insert into reply (replyno, moddate, regdate, replyer, room_rno, text) values (default, ?, ?, ?, ?, ?)
Hibernate: insert into reply (replyno, moddate, regdate, replyer, room_rno, text) values (default, ?, ?, ?, ?, ?)
Hibernate: insert into reply (replyno, moddate, regdate, replyer, room_rno, text) values (default, ?, ?, ?, ?, ?)
Hibernate: insert into reply (replyno, moddate, regdate, replyer, room_rno, text) values (default, ?, ?, ?, ?, ?)
Hibernate: insert into reply (replyno, moddate, regdate, replyer, room_rno, text) values (default, ?, ?, ?, ?, ?)
Hibernate: insert into reply (replyno, moddate, regdate, replyer, room_rno, text) values (default, ?, ?, ?, ?, ?)
Hibernate: insert into reply (replyno, moddate, regdate, replyer, room_rno, text) values (default, ?, ?, ?, ?, ?)
Hibernate: insert into reply (replyno, moddate, regdate, replyer, room_rno, text) values (default, ?, ?, ?, ?, ?)
]]></system-out>
  <system-err><![CDATA[]]></system-err>
</testsuite>
