<?xml version="1.0" encoding="UTF-8"?>
<testsuite name="com.room.reservation.repository.MemoRepositoryTests" tests="7" skipped="0" failures="0" errors="0" timestamp="2023-04-04T21:23:20" hostname="DESKTOP-G32OBQ8" time="0.35">
  <properties/>
  <testcase name="testClass()" classname="com.room.reservation.repository.MemoRepositoryTests" time="0.004"/>
  <testcase name="testSort()" classname="com.room.reservation.repository.MemoRepositoryTests" time="0.089"/>
  <testcase name="testQueryMethods()" classname="com.room.reservation.repository.MemoRepositoryTests" time="0.084"/>
  <testcase name="testDeleteQueryMethods()" classname="com.room.reservation.repository.MemoRepositoryTests" time="0.038"/>
  <testcase name="testPageDefault()" classname="com.room.reservation.repository.MemoRepositoryTests" time="0.054"/>
  <testcase name="testQueryMethodWithPageable()" classname="com.room.reservation.repository.MemoRepositoryTests" time="0.052"/>
  <testcase name="memo_save_get()" classname="com.room.reservation.repository.MemoRepositoryTests" time="0.022"/>
  <system-out><![CDATA[2023-04-05T06:23:20.554+09:00  INFO 1760 --- [    Test worker] t.c.s.AnnotationConfigContextLoaderUtils : Could not detect default configuration classes for test class [com.room.reservation.repository.MemoRepositoryTests]: MemoRepositoryTests does not declare any static, non-private, non-final, nested classes annotated with @Configuration.
2023-04-05T06:23:20.556+09:00  INFO 1760 --- [    Test worker] .b.t.c.SpringBootTestContextBootstrapper : Found @SpringBootConfiguration com.room.reservation.Application for test class com.room.reservation.repository.MemoRepositoryTests
class jdk.proxy3.$Proxy138
Hibernate: insert into tbl_memo (mno, memo_text) values (default, ?)
Hibernate: insert into tbl_memo (mno, memo_text) values (default, ?)
Hibernate: insert into tbl_memo (mno, memo_text) values (default, ?)
Hibernate: insert into tbl_memo (mno, memo_text) values (default, ?)
Hibernate: insert into tbl_memo (mno, memo_text) values (default, ?)
Hibernate: insert into tbl_memo (mno, memo_text) values (default, ?)
Hibernate: insert into tbl_memo (mno, memo_text) values (default, ?)
Hibernate: insert into tbl_memo (mno, memo_text) values (default, ?)
Hibernate: insert into tbl_memo (mno, memo_text) values (default, ?)
Hibernate: insert into tbl_memo (mno, memo_text) values (default, ?)
Hibernate: select m1_0.mno,m1_0.memo_text from tbl_memo m1_0 order by m1_0.mno desc offset ? rows fetch first ? rows only
Hibernate: select count(m1_0.mno) from tbl_memo m1_0
Memo(mno=10, memoText=테스트본문 9)
Memo(mno=9, memoText=테스트본문 8)
Memo(mno=8, memoText=테스트본문 7)
Memo(mno=7, memoText=테스트본문 6)
Memo(mno=6, memoText=테스트본문 5)
Memo(mno=5, memoText=테스트본문 4)
Memo(mno=4, memoText=테스트본문 3)
Memo(mno=3, memoText=테스트본문 2)
Memo(mno=2, memoText=테스트본문 1)
Memo(mno=1, memoText=테스트본문 0)
Hibernate: insert into tbl_memo (mno, memo_text) values (default, ?)
Hibernate: insert into tbl_memo (mno, memo_text) values (default, ?)
Hibernate: insert into tbl_memo (mno, memo_text) values (default, ?)
Hibernate: insert into tbl_memo (mno, memo_text) values (default, ?)
Hibernate: insert into tbl_memo (mno, memo_text) values (default, ?)
Hibernate: insert into tbl_memo (mno, memo_text) values (default, ?)
Hibernate: insert into tbl_memo (mno, memo_text) values (default, ?)
Hibernate: insert into tbl_memo (mno, memo_text) values (default, ?)
Hibernate: insert into tbl_memo (mno, memo_text) values (default, ?)
Hibernate: insert into tbl_memo (mno, memo_text) values (default, ?)
Hibernate: insert into tbl_memo (mno, memo_text) values (default, ?)
Hibernate: insert into tbl_memo (mno, memo_text) values (default, ?)
Hibernate: insert into tbl_memo (mno, memo_text) values (default, ?)
Hibernate: insert into tbl_memo (mno, memo_text) values (default, ?)
Hibernate: insert into tbl_memo (mno, memo_text) values (default, ?)
Hibernate: insert into tbl_memo (mno, memo_text) values (default, ?)
Hibernate: insert into tbl_memo (mno, memo_text) values (default, ?)
Hibernate: insert into tbl_memo (mno, memo_text) values (default, ?)
Hibernate: insert into tbl_memo (mno, memo_text) values (default, ?)
Hibernate: insert into tbl_memo (mno, memo_text) values (default, ?)
Hibernate: insert into tbl_memo (mno, memo_text) values (default, ?)
Hibernate: insert into tbl_memo (mno, memo_text) values (default, ?)
Hibernate: insert into tbl_memo (mno, memo_text) values (default, ?)
Hibernate: insert into tbl_memo (mno, memo_text) values (default, ?)
Hibernate: insert into tbl_memo (mno, memo_text) values (default, ?)
Hibernate: insert into tbl_memo (mno, memo_text) values (default, ?)
Hibernate: insert into tbl_memo (mno, memo_text) values (default, ?)
Hibernate: insert into tbl_memo (mno, memo_text) values (default, ?)
Hibernate: insert into tbl_memo (mno, memo_text) values (default, ?)
Hibernate: insert into tbl_memo (mno, memo_text) values (default, ?)
Hibernate: insert into tbl_memo (mno, memo_text) values (default, ?)
Hibernate: insert into tbl_memo (mno, memo_text) values (default, ?)
Hibernate: insert into tbl_memo (mno, memo_text) values (default, ?)
Hibernate: insert into tbl_memo (mno, memo_text) values (default, ?)
Hibernate: insert into tbl_memo (mno, memo_text) values (default, ?)
Hibernate: insert into tbl_memo (mno, memo_text) values (default, ?)
Hibernate: insert into tbl_memo (mno, memo_text) values (default, ?)
Hibernate: insert into tbl_memo (mno, memo_text) values (default, ?)
Hibernate: insert into tbl_memo (mno, memo_text) values (default, ?)
Hibernate: insert into tbl_memo (mno, memo_text) values (default, ?)
Hibernate: insert into tbl_memo (mno, memo_text) values (default, ?)
Hibernate: insert into tbl_memo (mno, memo_text) values (default, ?)
Hibernate: insert into tbl_memo (mno, memo_text) values (default, ?)
Hibernate: insert into tbl_memo (mno, memo_text) values (default, ?)
Hibernate: insert into tbl_memo (mno, memo_text) values (default, ?)
Hibernate: insert into tbl_memo (mno, memo_text) values (default, ?)
Hibernate: insert into tbl_memo (mno, memo_text) values (default, ?)
Hibernate: insert into tbl_memo (mno, memo_text) values (default, ?)
Hibernate: insert into tbl_memo (mno, memo_text) values (default, ?)
Hibernate: insert into tbl_memo (mno, memo_text) values (default, ?)
Hibernate: insert into tbl_memo (mno, memo_text) values (default, ?)
Hibernate: insert into tbl_memo (mno, memo_text) values (default, ?)
Hibernate: insert into tbl_memo (mno, memo_text) values (default, ?)
Hibernate: insert into tbl_memo (mno, memo_text) values (default, ?)
Hibernate: insert into tbl_memo (mno, memo_text) values (default, ?)
Hibernate: insert into tbl_memo (mno, memo_text) values (default, ?)
Hibernate: insert into tbl_memo (mno, memo_text) values (default, ?)
Hibernate: insert into tbl_memo (mno, memo_text) values (default, ?)
Hibernate: insert into tbl_memo (mno, memo_text) values (default, ?)
Hibernate: insert into tbl_memo (mno, memo_text) values (default, ?)
Hibernate: insert into tbl_memo (mno, memo_text) values (default, ?)
Hibernate: insert into tbl_memo (mno, memo_text) values (default, ?)
Hibernate: insert into tbl_memo (mno, memo_text) values (default, ?)
Hibernate: insert into tbl_memo (mno, memo_text) values (default, ?)
Hibernate: insert into tbl_memo (mno, memo_text) values (default, ?)
Hibernate: insert into tbl_memo (mno, memo_text) values (default, ?)
Hibernate: insert into tbl_memo (mno, memo_text) values (default, ?)
Hibernate: insert into tbl_memo (mno, memo_text) values (default, ?)
Hibernate: insert into tbl_memo (mno, memo_text) values (default, ?)
Hibernate: insert into tbl_memo (mno, memo_text) values (default, ?)
Hibernate: insert into tbl_memo (mno, memo_text) values (default, ?)
Hibernate: insert into tbl_memo (mno, memo_text) values (default, ?)
Hibernate: insert into tbl_memo (mno, memo_text) values (default, ?)
Hibernate: insert into tbl_memo (mno, memo_text) values (default, ?)
Hibernate: insert into tbl_memo (mno, memo_text) values (default, ?)
Hibernate: insert into tbl_memo (mno, memo_text) values (default, ?)
Hibernate: insert into tbl_memo (mno, memo_text) values (default, ?)
Hibernate: insert into tbl_memo (mno, memo_text) values (default, ?)
Hibernate: insert into tbl_memo (mno, memo_text) values (default, ?)
Hibernate: insert into tbl_memo (mno, memo_text) values (default, ?)
Hibernate: insert into tbl_memo (mno, memo_text) values (default, ?)
Hibernate: insert into tbl_memo (mno, memo_text) values (default, ?)
Hibernate: insert into tbl_memo (mno, memo_text) values (default, ?)
Hibernate: insert into tbl_memo (mno, memo_text) values (default, ?)
Hibernate: insert into tbl_memo (mno, memo_text) values (default, ?)
Hibernate: insert into tbl_memo (mno, memo_text) values (default, ?)
Hibernate: insert into tbl_memo (mno, memo_text) values (default, ?)
Hibernate: insert into tbl_memo (mno, memo_text) values (default, ?)
Hibernate: insert into tbl_memo (mno, memo_text) values (default, ?)
Hibernate: insert into tbl_memo (mno, memo_text) values (default, ?)
Hibernate: insert into tbl_memo (mno, memo_text) values (default, ?)
Hibernate: insert into tbl_memo (mno, memo_text) values (default, ?)
Hibernate: insert into tbl_memo (mno, memo_text) values (default, ?)
Hibernate: insert into tbl_memo (mno, memo_text) values (default, ?)
Hibernate: insert into tbl_memo (mno, memo_text) values (default, ?)
Hibernate: insert into tbl_memo (mno, memo_text) values (default, ?)
Hibernate: insert into tbl_memo (mno, memo_text) values (default, ?)
Hibernate: insert into tbl_memo (mno, memo_text) values (default, ?)
Hibernate: insert into tbl_memo (mno, memo_text) values (default, ?)
Hibernate: select m1_0.mno,m1_0.memo_text from tbl_memo m1_0 where m1_0.mno between ? and ? order by m1_0.mno desc
Memo(mno=80, memoText=테스트본문 69)
Memo(mno=79, memoText=테스트본문 68)
Memo(mno=78, memoText=테스트본문 67)
Memo(mno=77, memoText=테스트본문 66)
Memo(mno=76, memoText=테스트본문 65)
Memo(mno=75, memoText=테스트본문 64)
Memo(mno=74, memoText=테스트본문 63)
Memo(mno=73, memoText=테스트본문 62)
Memo(mno=72, memoText=테스트본문 61)
Memo(mno=71, memoText=테스트본문 60)
Memo(mno=70, memoText=테스트본문 59)
Hibernate: insert into tbl_memo (mno, memo_text) values (default, ?)
Hibernate: insert into tbl_memo (mno, memo_text) values (default, ?)
Hibernate: insert into tbl_memo (mno, memo_text) values (default, ?)
Hibernate: insert into tbl_memo (mno, memo_text) values (default, ?)
Hibernate: insert into tbl_memo (mno, memo_text) values (default, ?)
Hibernate: insert into tbl_memo (mno, memo_text) values (default, ?)
Hibernate: insert into tbl_memo (mno, memo_text) values (default, ?)
Hibernate: insert into tbl_memo (mno, memo_text) values (default, ?)
Hibernate: insert into tbl_memo (mno, memo_text) values (default, ?)
Hibernate: insert into tbl_memo (mno, memo_text) values (default, ?)
Hibernate: insert into tbl_memo (mno, memo_text) values (default, ?)
Hibernate: insert into tbl_memo (mno, memo_text) values (default, ?)
Hibernate: insert into tbl_memo (mno, memo_text) values (default, ?)
Hibernate: insert into tbl_memo (mno, memo_text) values (default, ?)
Hibernate: insert into tbl_memo (mno, memo_text) values (default, ?)
Hibernate: insert into tbl_memo (mno, memo_text) values (default, ?)
Hibernate: insert into tbl_memo (mno, memo_text) values (default, ?)
Hibernate: insert into tbl_memo (mno, memo_text) values (default, ?)
Hibernate: insert into tbl_memo (mno, memo_text) values (default, ?)
Hibernate: insert into tbl_memo (mno, memo_text) values (default, ?)
Hibernate: insert into tbl_memo (mno, memo_text) values (default, ?)
Hibernate: insert into tbl_memo (mno, memo_text) values (default, ?)
Hibernate: insert into tbl_memo (mno, memo_text) values (default, ?)
Hibernate: insert into tbl_memo (mno, memo_text) values (default, ?)
Hibernate: insert into tbl_memo (mno, memo_text) values (default, ?)
Hibernate: insert into tbl_memo (mno, memo_text) values (default, ?)
Hibernate: insert into tbl_memo (mno, memo_text) values (default, ?)
Hibernate: insert into tbl_memo (mno, memo_text) values (default, ?)
Hibernate: insert into tbl_memo (mno, memo_text) values (default, ?)
Hibernate: insert into tbl_memo (mno, memo_text) values (default, ?)
Hibernate: insert into tbl_memo (mno, memo_text) values (default, ?)
Hibernate: insert into tbl_memo (mno, memo_text) values (default, ?)
Hibernate: insert into tbl_memo (mno, memo_text) values (default, ?)
Hibernate: insert into tbl_memo (mno, memo_text) values (default, ?)
Hibernate: insert into tbl_memo (mno, memo_text) values (default, ?)
Hibernate: insert into tbl_memo (mno, memo_text) values (default, ?)
Hibernate: insert into tbl_memo (mno, memo_text) values (default, ?)
Hibernate: insert into tbl_memo (mno, memo_text) values (default, ?)
Hibernate: insert into tbl_memo (mno, memo_text) values (default, ?)
Hibernate: insert into tbl_memo (mno, memo_text) values (default, ?)
Hibernate: insert into tbl_memo (mno, memo_text) values (default, ?)
Hibernate: insert into tbl_memo (mno, memo_text) values (default, ?)
Hibernate: insert into tbl_memo (mno, memo_text) values (default, ?)
Hibernate: insert into tbl_memo (mno, memo_text) values (default, ?)
Hibernate: insert into tbl_memo (mno, memo_text) values (default, ?)
Hibernate: insert into tbl_memo (mno, memo_text) values (default, ?)
Hibernate: insert into tbl_memo (mno, memo_text) values (default, ?)
Hibernate: insert into tbl_memo (mno, memo_text) values (default, ?)
Hibernate: insert into tbl_memo (mno, memo_text) values (default, ?)
Hibernate: insert into tbl_memo (mno, memo_text) values (default, ?)
Hibernate: insert into tbl_memo (mno, memo_text) values (default, ?)
Hibernate: insert into tbl_memo (mno, memo_text) values (default, ?)
Hibernate: insert into tbl_memo (mno, memo_text) values (default, ?)
Hibernate: insert into tbl_memo (mno, memo_text) values (default, ?)
Hibernate: insert into tbl_memo (mno, memo_text) values (default, ?)
Hibernate: insert into tbl_memo (mno, memo_text) values (default, ?)
Hibernate: insert into tbl_memo (mno, memo_text) values (default, ?)
Hibernate: insert into tbl_memo (mno, memo_text) values (default, ?)
Hibernate: insert into tbl_memo (mno, memo_text) values (default, ?)
Hibernate: insert into tbl_memo (mno, memo_text) values (default, ?)
Hibernate: insert into tbl_memo (mno, memo_text) values (default, ?)
Hibernate: insert into tbl_memo (mno, memo_text) values (default, ?)
Hibernate: insert into tbl_memo (mno, memo_text) values (default, ?)
Hibernate: insert into tbl_memo (mno, memo_text) values (default, ?)
Hibernate: insert into tbl_memo (mno, memo_text) values (default, ?)
Hibernate: insert into tbl_memo (mno, memo_text) values (default, ?)
Hibernate: insert into tbl_memo (mno, memo_text) values (default, ?)
Hibernate: insert into tbl_memo (mno, memo_text) values (default, ?)
Hibernate: insert into tbl_memo (mno, memo_text) values (default, ?)
Hibernate: insert into tbl_memo (mno, memo_text) values (default, ?)
Hibernate: insert into tbl_memo (mno, memo_text) values (default, ?)
Hibernate: insert into tbl_memo (mno, memo_text) values (default, ?)
Hibernate: insert into tbl_memo (mno, memo_text) values (default, ?)
Hibernate: insert into tbl_memo (mno, memo_text) values (default, ?)
Hibernate: insert into tbl_memo (mno, memo_text) values (default, ?)
Hibernate: insert into tbl_memo (mno, memo_text) values (default, ?)
Hibernate: insert into tbl_memo (mno, memo_text) values (default, ?)
Hibernate: insert into tbl_memo (mno, memo_text) values (default, ?)
Hibernate: insert into tbl_memo (mno, memo_text) values (default, ?)
Hibernate: insert into tbl_memo (mno, memo_text) values (default, ?)
Hibernate: insert into tbl_memo (mno, memo_text) values (default, ?)
Hibernate: insert into tbl_memo (mno, memo_text) values (default, ?)
Hibernate: insert into tbl_memo (mno, memo_text) values (default, ?)
Hibernate: insert into tbl_memo (mno, memo_text) values (default, ?)
Hibernate: insert into tbl_memo (mno, memo_text) values (default, ?)
Hibernate: insert into tbl_memo (mno, memo_text) values (default, ?)
Hibernate: insert into tbl_memo (mno, memo_text) values (default, ?)
Hibernate: insert into tbl_memo (mno, memo_text) values (default, ?)
Hibernate: insert into tbl_memo (mno, memo_text) values (default, ?)
Hibernate: insert into tbl_memo (mno, memo_text) values (default, ?)
Hibernate: insert into tbl_memo (mno, memo_text) values (default, ?)
Hibernate: insert into tbl_memo (mno, memo_text) values (default, ?)
Hibernate: insert into tbl_memo (mno, memo_text) values (default, ?)
Hibernate: insert into tbl_memo (mno, memo_text) values (default, ?)
Hibernate: insert into tbl_memo (mno, memo_text) values (default, ?)
Hibernate: insert into tbl_memo (mno, memo_text) values (default, ?)
Hibernate: insert into tbl_memo (mno, memo_text) values (default, ?)
Hibernate: insert into tbl_memo (mno, memo_text) values (default, ?)
Hibernate: insert into tbl_memo (mno, memo_text) values (default, ?)
Hibernate: select m1_0.mno,m1_0.memo_text from tbl_memo m1_0 where m1_0.mno<?
Hibernate: delete from tbl_memo where mno=?
Hibernate: delete from tbl_memo where mno=?
Hibernate: delete from tbl_memo where mno=?
Hibernate: delete from tbl_memo where mno=?
Hibernate: delete from tbl_memo where mno=?
Hibernate: delete from tbl_memo where mno=?
Hibernate: delete from tbl_memo where mno=?
Hibernate: delete from tbl_memo where mno=?
Hibernate: delete from tbl_memo where mno=?
Hibernate: insert into tbl_memo (mno, memo_text) values (default, ?)
Hibernate: insert into tbl_memo (mno, memo_text) values (default, ?)
Hibernate: insert into tbl_memo (mno, memo_text) values (default, ?)
Hibernate: insert into tbl_memo (mno, memo_text) values (default, ?)
Hibernate: insert into tbl_memo (mno, memo_text) values (default, ?)
Hibernate: insert into tbl_memo (mno, memo_text) values (default, ?)
Hibernate: insert into tbl_memo (mno, memo_text) values (default, ?)
Hibernate: insert into tbl_memo (mno, memo_text) values (default, ?)
Hibernate: insert into tbl_memo (mno, memo_text) values (default, ?)
Hibernate: insert into tbl_memo (mno, memo_text) values (default, ?)
Hibernate: insert into tbl_memo (mno, memo_text) values (default, ?)
Hibernate: insert into tbl_memo (mno, memo_text) values (default, ?)
Hibernate: insert into tbl_memo (mno, memo_text) values (default, ?)
Hibernate: insert into tbl_memo (mno, memo_text) values (default, ?)
Hibernate: insert into tbl_memo (mno, memo_text) values (default, ?)
Hibernate: insert into tbl_memo (mno, memo_text) values (default, ?)
Hibernate: insert into tbl_memo (mno, memo_text) values (default, ?)
Hibernate: insert into tbl_memo (mno, memo_text) values (default, ?)
Hibernate: insert into tbl_memo (mno, memo_text) values (default, ?)
Hibernate: insert into tbl_memo (mno, memo_text) values (default, ?)
Hibernate: insert into tbl_memo (mno, memo_text) values (default, ?)
Hibernate: insert into tbl_memo (mno, memo_text) values (default, ?)
Hibernate: insert into tbl_memo (mno, memo_text) values (default, ?)
Hibernate: insert into tbl_memo (mno, memo_text) values (default, ?)
Hibernate: insert into tbl_memo (mno, memo_text) values (default, ?)
Hibernate: insert into tbl_memo (mno, memo_text) values (default, ?)
Hibernate: insert into tbl_memo (mno, memo_text) values (default, ?)
Hibernate: insert into tbl_memo (mno, memo_text) values (default, ?)
Hibernate: insert into tbl_memo (mno, memo_text) values (default, ?)
Hibernate: insert into tbl_memo (mno, memo_text) values (default, ?)
Hibernate: insert into tbl_memo (mno, memo_text) values (default, ?)
Hibernate: insert into tbl_memo (mno, memo_text) values (default, ?)
Hibernate: insert into tbl_memo (mno, memo_text) values (default, ?)
Hibernate: insert into tbl_memo (mno, memo_text) values (default, ?)
Hibernate: insert into tbl_memo (mno, memo_text) values (default, ?)
Hibernate: insert into tbl_memo (mno, memo_text) values (default, ?)
Hibernate: insert into tbl_memo (mno, memo_text) values (default, ?)
Hibernate: insert into tbl_memo (mno, memo_text) values (default, ?)
Hibernate: insert into tbl_memo (mno, memo_text) values (default, ?)
Hibernate: insert into tbl_memo (mno, memo_text) values (default, ?)
Hibernate: insert into tbl_memo (mno, memo_text) values (default, ?)
Hibernate: insert into tbl_memo (mno, memo_text) values (default, ?)
Hibernate: insert into tbl_memo (mno, memo_text) values (default, ?)
Hibernate: insert into tbl_memo (mno, memo_text) values (default, ?)
Hibernate: insert into tbl_memo (mno, memo_text) values (default, ?)
Hibernate: insert into tbl_memo (mno, memo_text) values (default, ?)
Hibernate: insert into tbl_memo (mno, memo_text) values (default, ?)
Hibernate: insert into tbl_memo (mno, memo_text) values (default, ?)
Hibernate: insert into tbl_memo (mno, memo_text) values (default, ?)
Hibernate: insert into tbl_memo (mno, memo_text) values (default, ?)
Hibernate: insert into tbl_memo (mno, memo_text) values (default, ?)
Hibernate: insert into tbl_memo (mno, memo_text) values (default, ?)
Hibernate: insert into tbl_memo (mno, memo_text) values (default, ?)
Hibernate: insert into tbl_memo (mno, memo_text) values (default, ?)
Hibernate: insert into tbl_memo (mno, memo_text) values (default, ?)
Hibernate: insert into tbl_memo (mno, memo_text) values (default, ?)
Hibernate: insert into tbl_memo (mno, memo_text) values (default, ?)
Hibernate: insert into tbl_memo (mno, memo_text) values (default, ?)
Hibernate: insert into tbl_memo (mno, memo_text) values (default, ?)
Hibernate: insert into tbl_memo (mno, memo_text) values (default, ?)
Hibernate: insert into tbl_memo (mno, memo_text) values (default, ?)
Hibernate: insert into tbl_memo (mno, memo_text) values (default, ?)
Hibernate: insert into tbl_memo (mno, memo_text) values (default, ?)
Hibernate: insert into tbl_memo (mno, memo_text) values (default, ?)
Hibernate: insert into tbl_memo (mno, memo_text) values (default, ?)
Hibernate: insert into tbl_memo (mno, memo_text) values (default, ?)
Hibernate: insert into tbl_memo (mno, memo_text) values (default, ?)
Hibernate: insert into tbl_memo (mno, memo_text) values (default, ?)
Hibernate: insert into tbl_memo (mno, memo_text) values (default, ?)
Hibernate: insert into tbl_memo (mno, memo_text) values (default, ?)
Hibernate: insert into tbl_memo (mno, memo_text) values (default, ?)
Hibernate: insert into tbl_memo (mno, memo_text) values (default, ?)
Hibernate: insert into tbl_memo (mno, memo_text) values (default, ?)
Hibernate: insert into tbl_memo (mno, memo_text) values (default, ?)
Hibernate: insert into tbl_memo (mno, memo_text) values (default, ?)
Hibernate: insert into tbl_memo (mno, memo_text) values (default, ?)
Hibernate: insert into tbl_memo (mno, memo_text) values (default, ?)
Hibernate: insert into tbl_memo (mno, memo_text) values (default, ?)
Hibernate: insert into tbl_memo (mno, memo_text) values (default, ?)
Hibernate: insert into tbl_memo (mno, memo_text) values (default, ?)
Hibernate: insert into tbl_memo (mno, memo_text) values (default, ?)
Hibernate: insert into tbl_memo (mno, memo_text) values (default, ?)
Hibernate: insert into tbl_memo (mno, memo_text) values (default, ?)
Hibernate: insert into tbl_memo (mno, memo_text) values (default, ?)
Hibernate: insert into tbl_memo (mno, memo_text) values (default, ?)
Hibernate: insert into tbl_memo (mno, memo_text) values (default, ?)
Hibernate: insert into tbl_memo (mno, memo_text) values (default, ?)
Hibernate: insert into tbl_memo (mno, memo_text) values (default, ?)
Hibernate: insert into tbl_memo (mno, memo_text) values (default, ?)
Hibernate: insert into tbl_memo (mno, memo_text) values (default, ?)
Hibernate: insert into tbl_memo (mno, memo_text) values (default, ?)
Hibernate: insert into tbl_memo (mno, memo_text) values (default, ?)
Hibernate: insert into tbl_memo (mno, memo_text) values (default, ?)
Hibernate: insert into tbl_memo (mno, memo_text) values (default, ?)
Hibernate: insert into tbl_memo (mno, memo_text) values (default, ?)
Hibernate: insert into tbl_memo (mno, memo_text) values (default, ?)
Hibernate: insert into tbl_memo (mno, memo_text) values (default, ?)
Hibernate: insert into tbl_memo (mno, memo_text) values (default, ?)
Hibernate: insert into tbl_memo (mno, memo_text) values (default, ?)
Hibernate: select m1_0.mno,m1_0.memo_text from tbl_memo m1_0 offset ? rows fetch first ? rows only
Hibernate: select count(m1_0.mno) from tbl_memo m1_0
Page 1 of 30 containing com.room.reservation.entity.Memo instances
=========================================
Total Pages: 30
Total Count: 298
Page Number: 0
Page Size: 10
has next page?: true
first Page: true
Memo(mno=10, memoText=테스트본문 9)
Memo(mno=11, memoText=테스트본문 0)
Memo(mno=12, memoText=테스트본문 1)
Memo(mno=13, memoText=테스트본문 2)
Memo(mno=14, memoText=테스트본문 3)
Memo(mno=15, memoText=테스트본문 4)
Memo(mno=16, memoText=테스트본문 5)
Memo(mno=17, memoText=테스트본문 6)
Memo(mno=18, memoText=테스트본문 7)
Memo(mno=19, memoText=테스트본문 8)
Hibernate: insert into tbl_memo (mno, memo_text) values (default, ?)
Hibernate: insert into tbl_memo (mno, memo_text) values (default, ?)
Hibernate: insert into tbl_memo (mno, memo_text) values (default, ?)
Hibernate: insert into tbl_memo (mno, memo_text) values (default, ?)
Hibernate: insert into tbl_memo (mno, memo_text) values (default, ?)
Hibernate: insert into tbl_memo (mno, memo_text) values (default, ?)
Hibernate: insert into tbl_memo (mno, memo_text) values (default, ?)
Hibernate: insert into tbl_memo (mno, memo_text) values (default, ?)
Hibernate: insert into tbl_memo (mno, memo_text) values (default, ?)
Hibernate: insert into tbl_memo (mno, memo_text) values (default, ?)
Hibernate: insert into tbl_memo (mno, memo_text) values (default, ?)
Hibernate: insert into tbl_memo (mno, memo_text) values (default, ?)
Hibernate: insert into tbl_memo (mno, memo_text) values (default, ?)
Hibernate: insert into tbl_memo (mno, memo_text) values (default, ?)
Hibernate: insert into tbl_memo (mno, memo_text) values (default, ?)
Hibernate: insert into tbl_memo (mno, memo_text) values (default, ?)
Hibernate: insert into tbl_memo (mno, memo_text) values (default, ?)
Hibernate: insert into tbl_memo (mno, memo_text) values (default, ?)
Hibernate: insert into tbl_memo (mno, memo_text) values (default, ?)
Hibernate: insert into tbl_memo (mno, memo_text) values (default, ?)
Hibernate: insert into tbl_memo (mno, memo_text) values (default, ?)
Hibernate: insert into tbl_memo (mno, memo_text) values (default, ?)
Hibernate: insert into tbl_memo (mno, memo_text) values (default, ?)
Hibernate: insert into tbl_memo (mno, memo_text) values (default, ?)
Hibernate: insert into tbl_memo (mno, memo_text) values (default, ?)
Hibernate: insert into tbl_memo (mno, memo_text) values (default, ?)
Hibernate: insert into tbl_memo (mno, memo_text) values (default, ?)
Hibernate: insert into tbl_memo (mno, memo_text) values (default, ?)
Hibernate: insert into tbl_memo (mno, memo_text) values (default, ?)
Hibernate: insert into tbl_memo (mno, memo_text) values (default, ?)
Hibernate: insert into tbl_memo (mno, memo_text) values (default, ?)
Hibernate: insert into tbl_memo (mno, memo_text) values (default, ?)
Hibernate: insert into tbl_memo (mno, memo_text) values (default, ?)
Hibernate: insert into tbl_memo (mno, memo_text) values (default, ?)
Hibernate: insert into tbl_memo (mno, memo_text) values (default, ?)
Hibernate: insert into tbl_memo (mno, memo_text) values (default, ?)
Hibernate: insert into tbl_memo (mno, memo_text) values (default, ?)
Hibernate: insert into tbl_memo (mno, memo_text) values (default, ?)
Hibernate: insert into tbl_memo (mno, memo_text) values (default, ?)
Hibernate: insert into tbl_memo (mno, memo_text) values (default, ?)
Hibernate: insert into tbl_memo (mno, memo_text) values (default, ?)
Hibernate: insert into tbl_memo (mno, memo_text) values (default, ?)
Hibernate: insert into tbl_memo (mno, memo_text) values (default, ?)
Hibernate: insert into tbl_memo (mno, memo_text) values (default, ?)
Hibernate: insert into tbl_memo (mno, memo_text) values (default, ?)
Hibernate: insert into tbl_memo (mno, memo_text) values (default, ?)
Hibernate: insert into tbl_memo (mno, memo_text) values (default, ?)
Hibernate: insert into tbl_memo (mno, memo_text) values (default, ?)
Hibernate: insert into tbl_memo (mno, memo_text) values (default, ?)
Hibernate: insert into tbl_memo (mno, memo_text) values (default, ?)
Hibernate: insert into tbl_memo (mno, memo_text) values (default, ?)
Hibernate: insert into tbl_memo (mno, memo_text) values (default, ?)
Hibernate: insert into tbl_memo (mno, memo_text) values (default, ?)
Hibernate: insert into tbl_memo (mno, memo_text) values (default, ?)
Hibernate: insert into tbl_memo (mno, memo_text) values (default, ?)
Hibernate: insert into tbl_memo (mno, memo_text) values (default, ?)
Hibernate: insert into tbl_memo (mno, memo_text) values (default, ?)
Hibernate: insert into tbl_memo (mno, memo_text) values (default, ?)
Hibernate: insert into tbl_memo (mno, memo_text) values (default, ?)
Hibernate: insert into tbl_memo (mno, memo_text) values (default, ?)
Hibernate: insert into tbl_memo (mno, memo_text) values (default, ?)
Hibernate: insert into tbl_memo (mno, memo_text) values (default, ?)
Hibernate: insert into tbl_memo (mno, memo_text) values (default, ?)
Hibernate: insert into tbl_memo (mno, memo_text) values (default, ?)
Hibernate: insert into tbl_memo (mno, memo_text) values (default, ?)
Hibernate: insert into tbl_memo (mno, memo_text) values (default, ?)
Hibernate: insert into tbl_memo (mno, memo_text) values (default, ?)
Hibernate: insert into tbl_memo (mno, memo_text) values (default, ?)
Hibernate: insert into tbl_memo (mno, memo_text) values (default, ?)
Hibernate: insert into tbl_memo (mno, memo_text) values (default, ?)
Hibernate: insert into tbl_memo (mno, memo_text) values (default, ?)
Hibernate: insert into tbl_memo (mno, memo_text) values (default, ?)
Hibernate: insert into tbl_memo (mno, memo_text) values (default, ?)
Hibernate: insert into tbl_memo (mno, memo_text) values (default, ?)
Hibernate: insert into tbl_memo (mno, memo_text) values (default, ?)
Hibernate: insert into tbl_memo (mno, memo_text) values (default, ?)
Hibernate: insert into tbl_memo (mno, memo_text) values (default, ?)
Hibernate: insert into tbl_memo (mno, memo_text) values (default, ?)
Hibernate: insert into tbl_memo (mno, memo_text) values (default, ?)
Hibernate: insert into tbl_memo (mno, memo_text) values (default, ?)
Hibernate: insert into tbl_memo (mno, memo_text) values (default, ?)
Hibernate: insert into tbl_memo (mno, memo_text) values (default, ?)
Hibernate: insert into tbl_memo (mno, memo_text) values (default, ?)
Hibernate: insert into tbl_memo (mno, memo_text) values (default, ?)
Hibernate: insert into tbl_memo (mno, memo_text) values (default, ?)
Hibernate: insert into tbl_memo (mno, memo_text) values (default, ?)
Hibernate: insert into tbl_memo (mno, memo_text) values (default, ?)
Hibernate: insert into tbl_memo (mno, memo_text) values (default, ?)
Hibernate: insert into tbl_memo (mno, memo_text) values (default, ?)
Hibernate: insert into tbl_memo (mno, memo_text) values (default, ?)
Hibernate: insert into tbl_memo (mno, memo_text) values (default, ?)
Hibernate: insert into tbl_memo (mno, memo_text) values (default, ?)
Hibernate: insert into tbl_memo (mno, memo_text) values (default, ?)
Hibernate: insert into tbl_memo (mno, memo_text) values (default, ?)
Hibernate: insert into tbl_memo (mno, memo_text) values (default, ?)
Hibernate: insert into tbl_memo (mno, memo_text) values (default, ?)
Hibernate: insert into tbl_memo (mno, memo_text) values (default, ?)
Hibernate: insert into tbl_memo (mno, memo_text) values (default, ?)
Hibernate: insert into tbl_memo (mno, memo_text) values (default, ?)
Hibernate: select m1_0.mno,m1_0.memo_text from tbl_memo m1_0 where m1_0.mno between ? and ? order by m1_0.mno desc offset ? rows fetch first ? rows only
Hibernate: select count(m1_0.mno) from tbl_memo m1_0 where m1_0.mno between ? and ?
Memo(mno=50, memoText=테스트본문 39)
Memo(mno=49, memoText=테스트본문 38)
Memo(mno=48, memoText=테스트본문 37)
Memo(mno=47, memoText=테스트본문 36)
Memo(mno=46, memoText=테스트본문 35)
Memo(mno=45, memoText=테스트본문 34)
Memo(mno=44, memoText=테스트본문 33)
Memo(mno=43, memoText=테스트본문 32)
Memo(mno=42, memoText=테스트본문 31)
Memo(mno=41, memoText=테스트본문 30)
Hibernate: insert into tbl_memo (mno, memo_text) values (default, ?)
Hibernate: select m1_0.mno,m1_0.memo_text from tbl_memo m1_0
]]></system-out>
  <system-err><![CDATA[]]></system-err>
</testsuite>
