<?xml version="1.0" encoding="UTF-8"?>
<testsuite name="com.room.reservation.service.ReplyServiceTests" tests="1" skipped="0" failures="0" errors="0" timestamp="2023-05-01T12:59:04" hostname="DESKTOP-G32OBQ8" time="0.016">
  <properties/>
  <testcase name="testGetList()" classname="com.room.reservation.service.ReplyServiceTests" time="0.016"/>
  <system-out><![CDATA[2023-05-01T21:59:04.397+09:00  INFO 25236 --- [    Test worker] t.c.s.AnnotationConfigContextLoaderUtils : Could not detect default configuration classes for test class [com.room.reservation.service.ReplyServiceTests]: ReplyServiceTests does not declare any static, non-private, non-final, nested classes annotated with @Configuration.
2023-05-01T21:59:04.407+09:00  INFO 25236 --- [    Test worker] .b.t.c.SpringBootTestContextBootstrapper : Found @SpringBootConfiguration com.room.reservation.Application for test class com.room.reservation.service.ReplyServiceTests
Hibernate: select r1_0.replyno,r1_0.moddate,r1_0.regdate,r1_0.replyer,r1_0.room_rno,r1_0.text from reply r1_0 where r1_0.room_rno=? order by r1_0.replyno asc
ReplyDTO(replyno=9, text=Reply....9, replyer=Guest, rno=null, regDate=2023-05-01T21:59:03.393437, modDate=2023-05-01T21:59:03.393437)
ReplyDTO(replyno=23, text=Reply....3, replyer=Guest, rno=null, regDate=2023-05-01T21:59:03.863864, modDate=2023-05-01T21:59:03.863864)
ReplyDTO(replyno=25, text=Reply....5, replyer=Guest, rno=null, regDate=2023-05-01T21:59:03.865865, modDate=2023-05-01T21:59:03.865865)
]]></system-out>
  <system-err><![CDATA[]]></system-err>
</testsuite>
