<?xml version="1.0" encoding="UTF-8"?>
<testsuite name="com.room.reservation.web.PostsApiControllerTest" tests="2" skipped="0" failures="0" errors="0" timestamp="2023-03-11T09:19:25" hostname="DESKTOP-G32OBQ8" time="0.134">
  <properties/>
  <testcase name="Posts_등록된다" classname="com.room.reservation.web.PostsApiControllerTest" time="0.114"/>
  <testcase name="Posts_수정된다" classname="com.room.reservation.web.PostsApiControllerTest" time="0.019"/>
  <system-out><![CDATA[2023-03-11 18:19:25.776  INFO 11836 --- [    Test worker] .b.t.c.SpringBootTestContextBootstrapper : Neither @ContextConfiguration nor @ContextHierarchy found for test class [com.room.reservation.web.PostsApiControllerTest], using SpringBootContextLoader
2023-03-11 18:19:25.777  INFO 11836 --- [    Test worker] o.s.t.c.support.AbstractContextLoader    : Could not detect default resource locations for test class [com.room.reservation.web.PostsApiControllerTest]: no resource found for suffixes {-context.xml, Context.groovy}.
2023-03-11 18:19:25.777  INFO 11836 --- [    Test worker] t.c.s.AnnotationConfigContextLoaderUtils : Could not detect default configuration classes for test class [com.room.reservation.web.PostsApiControllerTest]: PostsApiControllerTest does not declare any static, non-private, non-final, nested classes annotated with @Configuration.
2023-03-11 18:19:25.778  INFO 11836 --- [    Test worker] .b.t.c.SpringBootTestContextBootstrapper : Found @SpringBootConfiguration com.room.reservation.Application for test class com.room.reservation.web.PostsApiControllerTest
2023-03-11 18:19:25.779  INFO 11836 --- [    Test worker] .b.t.c.SpringBootTestContextBootstrapper : Loaded default TestExecutionListener class names from location [META-INF/spring.factories]: [org.springframework.security.test.context.support.WithSecurityContextTestExecutionListener, org.springframework.security.test.context.support.ReactorContextTestExecutionListener, org.springframework.boot.test.autoconfigure.restdocs.RestDocsTestExecutionListener, org.springframework.boot.test.autoconfigure.web.client.MockRestServiceServerResetTestExecutionListener, org.springframework.boot.test.autoconfigure.web.servlet.MockMvcPrintOnlyOnFailureTestExecutionListener, org.springframework.boot.test.autoconfigure.web.servlet.WebDriverTestExecutionListener, org.springframework.boot.test.mock.mockito.MockitoTestExecutionListener, org.springframework.boot.test.mock.mockito.ResetMocksTestExecutionListener, org.springframework.test.context.web.ServletTestExecutionListener, org.springframework.test.context.support.DirtiesContextBeforeModesTestExecutionListener, org.springframework.test.context.support.DependencyInjectionTestExecutionListener, org.springframework.test.context.support.DirtiesContextTestExecutionListener, org.springframework.test.context.transaction.TransactionalTestExecutionListener, org.springframework.test.context.jdbc.SqlScriptsTestExecutionListener]
2023-03-11 18:19:25.780  INFO 11836 --- [    Test worker] .b.t.c.SpringBootTestContextBootstrapper : Using TestExecutionListeners: [org.springframework.test.context.web.ServletTestExecutionListener@21d15932, org.springframework.test.context.support.DirtiesContextBeforeModesTestExecutionListener@3966c679, org.springframework.boot.test.mock.mockito.MockitoTestExecutionListener@66a99584, org.springframework.boot.test.autoconfigure.SpringBootDependencyInjectionTestExecutionListener@3945886e, org.springframework.test.context.support.DirtiesContextTestExecutionListener@12765ebd, org.springframework.test.context.transaction.TransactionalTestExecutionListener@1dac0784, org.springframework.test.context.jdbc.SqlScriptsTestExecutionListener@3703a400, org.springframework.security.test.context.support.WithSecurityContextTestExecutionListener@22105c76, org.springframework.security.test.context.support.ReactorContextTestExecutionListener@2336d3f, org.springframework.boot.test.autoconfigure.restdocs.RestDocsTestExecutionListener@7f5ecada, org.springframework.boot.test.autoconfigure.web.client.MockRestServiceServerResetTestExecutionListener@55574295, org.springframework.boot.test.autoconfigure.web.servlet.MockMvcPrintOnlyOnFailureTestExecutionListener@750457a5, org.springframework.boot.test.autoconfigure.web.servlet.WebDriverTestExecutionListener@6c4786af, org.springframework.boot.test.mock.mockito.ResetMocksTestExecutionListener@65c689e7]
2023-03-11 18:19:25.787  INFO 11836 --- [    Test worker] o.a.c.c.C.[Tomcat].[localhost].[/]       : Initializing Spring TestDispatcherServlet ''
2023-03-11 18:19:25.787  INFO 11836 --- [    Test worker] o.s.t.web.servlet.TestDispatcherServlet  : Initializing Servlet ''
2023-03-11 18:19:25.788  INFO 11836 --- [    Test worker] o.s.t.web.servlet.TestDispatcherServlet  : Completed initialization in 1 ms
Hibernate: insert into posts (created_date, modified_date, author, content, title) values (?, ?, ?, ?, ?)
Hibernate: select posts0_.id as id1_0_, posts0_.created_date as created_2_0_, posts0_.modified_date as modified3_0_, posts0_.author as author4_0_, posts0_.content as content5_0_, posts0_.title as title6_0_ from posts posts0_
Hibernate: select posts0_.id as id1_0_, posts0_.created_date as created_2_0_, posts0_.modified_date as modified3_0_, posts0_.author as author4_0_, posts0_.content as content5_0_, posts0_.title as title6_0_ from posts posts0_
Hibernate: delete from posts where id=?
2023-03-11 18:19:25.899  INFO 11836 --- [    Test worker] o.a.c.c.C.[Tomcat].[localhost].[/]       : Initializing Spring TestDispatcherServlet ''
2023-03-11 18:19:25.899  INFO 11836 --- [    Test worker] o.s.t.web.servlet.TestDispatcherServlet  : Initializing Servlet ''
2023-03-11 18:19:25.901  INFO 11836 --- [    Test worker] o.s.t.web.servlet.TestDispatcherServlet  : Completed initialization in 2 ms
Hibernate: insert into posts (created_date, modified_date, author, content, title) values (?, ?, ?, ?, ?)
Hibernate: select posts0_.id as id1_0_0_, posts0_.created_date as created_2_0_0_, posts0_.modified_date as modified3_0_0_, posts0_.author as author4_0_0_, posts0_.content as content5_0_0_, posts0_.title as title6_0_0_ from posts posts0_ where posts0_.id=?
Hibernate: update posts set created_date=?, modified_date=?, author=?, content=?, title=? where id=?
Hibernate: select posts0_.id as id1_0_, posts0_.created_date as created_2_0_, posts0_.modified_date as modified3_0_, posts0_.author as author4_0_, posts0_.content as content5_0_, posts0_.title as title6_0_ from posts posts0_
Hibernate: select posts0_.id as id1_0_, posts0_.created_date as created_2_0_, posts0_.modified_date as modified3_0_, posts0_.author as author4_0_, posts0_.content as content5_0_, posts0_.title as title6_0_ from posts posts0_
Hibernate: delete from posts where id=?
]]></system-out>
  <system-err><![CDATA[]]></system-err>
</testsuite>
